number,values_0,values_1,values_2,datetime_start,datetime_complete,duration,params_filters_0,params_filters_1,params_filters_2,params_filters_3,params_n_conv_layers,params_pool_0,params_pool_1,params_pool_2,params_pool_3,user_attrs_macro_f1,user_attrs_macs,user_attrs_macs_ratio,user_attrs_num_params,system_attrs_tpe:relative_params:0,state
130,0.8579841872426812,536704.0,7517.0,2026-09-18 13:38:58.995102,2026-09-18 13:39:35.716112,0 days 00:00:36.721010,24,32,,,2,4,2,,,0.8579841872426812,536704.0,0.14210608814271614,7517.0,"{""filters_0"": 24, ""filters_1"": 32, ""n_conv_layers"": 2, ""pool_0"": 4, ""pool_1"": 2, ""filters_2"": 24, ""pool_2"": 4, ""filters_3"": 16, ""pool_3"": 1}",COMPLETE
131,0.16959015312805928,636600.0,17901.0,2026-09-18 13:39:35.716638,2026-09-18 13:39:45.198917,0 days 00:00:09.482279,16,48,24.0,,3,4,1,2.0,,0.16959015312805928,636600.0,0.16855610487652986,17901.0,"{""filters_0"": 16, ""filters_1"": 48, ""n_conv_layers"": 3, ""pool_0"": 4, ""pool_1"": 1, ""filters_2"": 24, ""pool_2"": 2, ""filters_3"": 24, ""pool_3"": 1}",COMPLETE
132,0.7549650129338047,265616.0,2661.0,2026-09-18 13:39:45.199428,2026-09-18 13:40:13.855557,0 days 00:00:28.656129,16,16,,,2,4,2,,,0.7549650129338047,265616.0,0.07032861821062576,2661.0,"{""filters_0"": 16, ""filters_1"": 16, ""n_conv_layers"": 2, ""pool_0"": 4, ""pool_1"": 2, ""filters_2"": 24, ""pool_2"": 2, ""filters_3"": 24, ""pool_3"": 2}",COMPLETE
133,0.8744302005745983,636600.0,17901.0,2026-09-18 13:40:13.856408,2026-09-18 13:40:46.592141,0 days 00:00:32.735733,16,48,24.0,,3,4,1,2.0,,0.8744302005745983,636600.0,0.16855610487652986,17901.0,"{""filters_0"": 16, ""filters_1"": 48, ""n_conv_layers"": 3, ""pool_0"": 4, ""pool_1"": 1, ""filters_2"": 24, ""pool_2"": 2, ""filters_3"": 16, ""pool_3"": 1}",COMPLETE
134,0.6975541124143579,698768.0,2661.0,2026-09-18 13:40:46.592653,2026-09-18 13:41:16.104469,0 days 00:00:29.511816,16,16,,,2,2,1,,,0.6975541124143579,698768.0,0.18501667026761393,2661.0,"{""filters_0"": 16, ""filters_1"": 16, ""n_conv_layers"": 2, ""pool_0"": 2, ""pool_1"": 1, ""filters_2"": 24, ""pool_2"": 2, ""filters_3"": 16, ""pool_3"": 1}",COMPLETE
135,0.8680145590585736,636600.0,17901.0,2026-09-18 13:41:16.104970,2026-09-18 13:41:47.837934,0 days 00:00:31.732964,16,48,24.0,,3,4,1,2.0,,0.8680145590585736,636600.0,0.16855610487652986,17901.0,"{""filters_0"": 16, ""filters_1"": 48, ""n_conv_layers"": 3, ""pool_0"": 4, ""pool_1"": 1, ""filters_2"": 24, ""pool_2"": 2, ""filters_3"": 32, ""pool_3"": 1}",COMPLETE
136,0.8471788087510129,1842744.0,9165.0,2026-09-18 13:41:47.838725,2026-09-18 13:42:18.922835,0 days 00:00:31.084110,16,24,24.0,,3,2,1,2.0,,0.8471788087510129,1842744.0,0.4879135264288347,9165.0,"{""filters_0"": 16, ""filters_1"": 24, ""n_conv_layers"": 3, ""pool_0"": 2, ""pool_1"": 1, ""filters_2"": 24, ""pool_2"": 2, ""filters_3"": 32, ""pool_3"": 1}",COMPLETE
137,,,,2026-09-18 13:42:18.923652,2026-09-18 13:42:18.996091,0 days 00:00:00.072439,32,24,24.0,32.0,4,2,2,4.0,,,,,,"{""filters_0"": 32, ""filters_1"": 24, ""n_conv_layers"": 4, ""pool_0"": 2, ""pool_1"": 2, ""filters_2"": 24, ""pool_2"": 4, ""filters_3"": 32, ""pool_3"": 1}",PRUNED
138,0.709512557353446,1224160.0,5109.0,2026-09-18 13:42:18.996472,2026-09-18 13:42:52.366209,0 days 00:00:33.369737,16,32,,,2,2,2,,,0.709512557353446,1224160.0,0.32412761757092806,5109.0,"{""filters_0"": 16, ""filters_1"": 32, ""n_conv_layers"": 2, ""pool_0"": 2, ""pool_1"": 2, ""filters_2"": 24, ""pool_2"": 2, ""filters_3"": 16, ""pool_3"": 1}",COMPLETE
139,0.786674537298172,265616.0,2661.0,2026-09-18 13:42:52.366752,2026-09-18 13:43:27.375109,0 days 00:00:35.008357,16,16,,,2,4,4,,,0.786674537298172,265616.0,0.07032861821062576,2661.0,"{""filters_0"": 16, ""filters_1"": 16, ""n_conv_layers"": 2, ""pool_0"": 4, ""pool_1"": 4, ""filters_2"": 24, ""pool_2"": 2, ""filters_3"": 24, ""pool_3"": 2}",COMPLETE
140,0.30701006528592734,265616.0,2661.0,2026-09-18 13:43:27.377146,2026-09-18 13:43:36.306550,0 days 00:00:08.929404,16,16,,,2,4,4,,,0.30701006528592734,265616.0,0.07032861821062576,2661.0,"{""filters_0"": 16, ""filters_1"": 16, ""n_conv_layers"": 2, ""pool_0"": 4, ""pool_1"": 4, ""filters_2"": 24, ""pool_2"": 2, ""filters_3"": 48, ""pool_3"": 1}",COMPLETE
141,,,,2026-09-18 13:43:36.307036,2026-09-18 13:43:36.347391,0 days 00:00:00.040355,16,32,24.0,,3,4,4,,,,,,,"{""filters_0"": 16, ""filters_1"": 32, ""n_conv_layers"": 3, ""pool_0"": 4, ""pool_1"": 4, ""filters_2"": 24, ""pool_2"": 2, ""filters_3"": 24, ""pool_3"": 2}",PRUNED
142,0.8753436888344904,3073328.0,17965.0,2026-09-18 13:43:36.347786,2026-09-18 13:44:27.017702,0 days 00:00:50.669916,24,32,24.0,16.0,4,2,1,2.0,2.0,0.8753436888344904,3073328.0,0.8137420620294938,17965.0,"{""filters_0"": 24, ""filters_1"": 32, ""n_conv_layers"": 4, ""pool_0"": 2, ""pool_1"": 1, ""filters_2"": 24, ""pool_2"": 2, ""filters_3"": 16, ""pool_3"": 2}",COMPLETE
143,0.18327283930867358,1442136.0,5717.0,2026-09-18 13:44:27.018492,2026-09-18 13:44:36.497455,0 days 00:00:09.478963,24,24,,,2,2,1,,,0.18327283930867358,1442136.0,0.3818423293468729,5717.0,"{""filters_0"": 24, ""filters_1"": 24, ""n_conv_layers"": 2, ""pool_0"": 2, ""pool_1"": 1, ""filters_2"": 24, ""pool_2"": 2, ""filters_3"": 48, ""pool_3"": 1}",COMPLETE
144,0.7978458539926484,531152.0,5173.0,2026-09-18 13:44:36.498016,2026-09-18 13:45:19.528529,0 days 00:00:43.030513,32,16,,,2,4,4,,,0.7978458539926484,531152.0,0.14063605437854004,5173.0,"{""filters_0"": 32, ""filters_1"": 16, ""n_conv_layers"": 2, ""pool_0"": 4, ""pool_1"": 4, ""filters_2"": 24, ""pool_2"": 2, ""filters_3"": 48, ""pool_3"": 1}",COMPLETE
145,0.1289269513214127,265616.0,2661.0,2026-09-18 13:45:19.534804,2026-09-18 13:45:27.219756,0 days 00:00:07.684952,16,16,,,2,4,4,,,0.1289269513214127,265616.0,0.07032861821062576,2661.0,"{""filters_0"": 16, ""filters_1"": 16, ""n_conv_layers"": 2, ""pool_0"": 4, ""pool_1"": 4, ""filters_2"": 24, ""pool_2"": 2, ""filters_3"": 48, ""pool_3"": 1}",COMPLETE
146,,,,2026-09-18 13:45:27.220268,2026-09-18 13:45:27.263959,0 days 00:00:00.043691,48,16,24.0,,4,4,4,,,,,,,"{""filters_0"": 48, ""filters_1"": 16, ""n_conv_layers"": 4, ""pool_0"": 4, ""pool_1"": 4, ""filters_2"": 24, ""pool_2"": 2, ""filters_3"": 24, ""pool_3"": 1}",PRUNED
147,0.20698637676617934,2740152.0,6253.0,2026-09-18 13:45:27.264351,2026-09-18 13:45:41.928255,0 days 00:00:14.663904,16,16,24.0,,3,1,4,2.0,,0.20698637676617934,2740152.0,0.7255252087490309,6253.0,"{""filters_0"": 16, ""filters_1"": 16, ""n_conv_layers"": 3, ""pool_0"": 1, ""pool_1"": 4, ""filters_2"": 24, ""pool_2"": 2, ""filters_3"": 24, ""pool_3"": 1}",COMPLETE
148,0.832734622748092,357856.0,5109.0,2026-09-18 13:45:41.928748,2026-09-18 13:46:12.151093,0 days 00:00:30.222345,16,32,,,2,4,1,,,0.832734622748092,357856.0,0.09475151345695174,5109.0,"{""filters_0"": 16, ""filters_1"": 32, ""n_conv_layers"": 2, ""pool_0"": 4, ""pool_1"": 1, ""filters_2"": 24, ""pool_2"": 2, ""filters_3"": 24, ""pool_3"": 2}",COMPLETE
149,0.4849480631904366,482232.0,12077.0,2026-09-18 13:46:12.152747,2026-09-18 13:46:22.557593,0 days 00:00:10.404846,16,32,24.0,,3,4,1,2.0,,0.4849480631904366,482232.0,0.1276832352604756,12077.0,"{""filters_0"": 16, ""filters_1"": 32, ""n_conv_layers"": 3, ""pool_0"": 4, ""pool_1"": 1, ""filters_2"": 24, ""pool_2"": 2, ""filters_3"": 48, ""pool_3"": 1}",COMPLETE
150,0.9016900570578334,11644248.0,21461.0,2026-09-18 13:53:41.154061,2026-09-18 13:55:02.772048,0 days 00:01:21.617987,24,48,24.0,,3,1,4,2.0,,0.9016900570578334,11644248.0,3.0831119809869985,21461.0,"{""filters_0"": 24, ""filters_1"": 48, ""n_conv_layers"": 3, ""pool_0"": 1, ""pool_1"": 4, ""filters_2"": 24, ""pool_2"": 2, ""filters_3"": 48, ""pool_3"": 1}",COMPLETE
151,0.9059472563086279,11644248.0,21461.0,2026-09-18 13:55:02.773819,2026-09-18 13:56:32.316463,0 days 00:01:29.542644,24,48,24.0,,3,1,4,2.0,,0.9059472563086279,11644248.0,3.0831119809869985,21461.0,"{""filters_0"": 24, ""filters_1"": 48, ""n_conv_layers"": 3, ""pool_0"": 1, ""pool_1"": 4, ""filters_2"": 24, ""pool_2"": 2, ""filters_3"": 24, ""pool_3"": 1}",COMPLETE
152,0.8850950093040911,11644248.0,21461.0,2026-09-18 13:56:32.317362,2026-09-18 13:57:54.330441,0 days 00:01:22.013079,24,48,24.0,,3,1,4,2.0,,0.8850950093040911,11644248.0,3.0831119809869985,21461.0,"{""filters_0"": 24, ""filters_1"": 48, ""n_conv_layers"": 3, ""pool_0"": 1, ""pool_1"": 4, ""filters_2"": 24, ""pool_2"": 2, ""filters_3"": 24, ""pool_3"": 1}",COMPLETE
153,0.21960314910025708,11644248.0,21461.0,2026-09-18 13:57:54.331345,2026-09-18 13:58:13.409765,0 days 00:00:19.078420,24,48,24.0,,3,1,4,2.0,,0.21960314910025708,11644248.0,3.0831119809869985,21461.0,"{""filters_0"": 24, ""filters_1"": 48, ""n_conv_layers"": 3, ""pool_0"": 1, ""pool_1"": 4, ""filters_2"": 24, ""pool_2"": 2, ""filters_3"": 48, ""pool_3"": 1}",COMPLETE
154,,,,2026-09-18 13:58:13.410292,2026-09-18 13:58:13.467752,0 days 00:00:00.057460,24,48,24.0,,3,2,4,2.0,,,,,,"{""filters_0"": 24, ""filters_1"": 48, ""n_conv_layers"": 3, ""pool_0"": 2, ""pool_1"": 4, ""filters_2"": 24, ""pool_2"": 2, ""filters_3"": 24, ""pool_3"": 1}",PRUNED
155,0.28345621267296445,7849560.0,14485.0,2026-09-18 13:58:13.468141,2026-09-18 13:58:30.296972,0 days 00:00:16.828831,24,32,24.0,,3,1,4,2.0,,0.28345621267296445,7849560.0,2.0783714398281714,14485.0,"{""filters_0"": 24, ""filters_1"": 32, ""n_conv_layers"": 3, ""pool_0"": 1, ""pool_1"": 4, ""filters_2"": 24, ""pool_2"": 2, ""filters_3"": 48, ""pool_3"": 1}",COMPLETE
156,0.12634320971507046,15415032.0,25021.0,2026-09-18 13:58:30.297505,2026-09-18 13:58:52.706760,0 days 00:00:22.409255,32,48,24.0,,3,1,4,2.0,,0.12634320971507046,15415032.0,4.081523327783638,25021.0,"{""filters_0"": 32, ""filters_1"": 48, ""n_conv_layers"": 3, ""pool_0"": 1, ""pool_1"": 4, ""filters_2"": 24, ""pool_2"": 2, ""filters_3"": 24, ""pool_3"": 1}",COMPLETE
157,0.8072468299120292,21726264.0,21709.0,2026-09-18 13:58:52.707599,2026-09-18 14:00:54.903308,0 days 00:02:02.195709,48,32,24.0,,3,1,1,2.0,,0.8072468299120292,21726264.0,5.752583150108664,21709.0,"{""filters_0"": 48, ""filters_1"": 32, ""n_conv_layers"": 3, ""pool_0"": 1, ""pool_1"": 1, ""filters_2"": 24, ""pool_2"": 2, ""filters_3"": 48, ""pool_3"": 1}",COMPLETE
158,0.4159903010987498,22956600.0,32141.0,2026-09-18 14:00:54.904267,2026-09-18 14:01:20.995983,0 days 00:00:26.091716,48,48,24.0,,3,1,4,2.0,,0.4159903010987498,22956600.0,6.078346021376918,32141.0,"{""filters_0"": 48, ""filters_1"": 48, ""n_conv_layers"": 3, ""pool_0"": 1, ""pool_1"": 4, ""filters_2"": 24, ""pool_2"": 2, ""filters_3"": 24, ""pool_3"": 1}",COMPLETE
159,,,,2026-09-18 14:01:20.996586,2026-09-18 14:01:21.062914,0 days 00:00:00.066328,16,32,16.0,24.0,4,4,1,2.0,,,,,,"{""filters_0"": 16, ""filters_1"": 32, ""n_conv_layers"": 4, ""pool_0"": 4, ""pool_1"": 1, ""filters_2"": 16, ""pool_2"": 2, ""filters_3"": 24, ""pool_3"": 1}",PRUNED
160,,,,2026-09-18 14:01:21.063274,2026-09-18 14:01:21.116849,0 days 00:00:00.053575,24,16,24.0,,4,2,4,2.0,,,,,,"{""filters_0"": 24, ""filters_1"": 16, ""n_conv_layers"": 4, ""pool_0"": 2, ""pool_1"": 4, ""filters_2"": 24, ""pool_2"": 2, ""filters_3"": 48, ""pool_3"": 1}",PRUNED
161,0.0525961864576495,5952216.0,10997.0,2026-09-18 14:01:21.117617,2026-09-18 14:01:37.241828,0 days 00:00:16.124211,24,24,24.0,,3,1,4,2.0,,0.0525961864576495,5952216.0,1.5760011692487577,10997.0,"{""filters_0"": 24, ""filters_1"": 24, ""n_conv_layers"": 3, ""pool_0"": 1, ""pool_1"": 4, ""filters_2"": 24, ""pool_2"": 2, ""filters_3"": 48, ""pool_3"": 1}",COMPLETE
162,0.8934612911600077,11644248.0,21461.0,2026-09-18 14:01:37.242375,2026-09-18 14:03:05.853612,0 days 00:01:28.611237,24,48,24.0,,3,1,4,2.0,,0.8934612911600077,11644248.0,3.0831119809869985,21461.0,"{""filters_0"": 24, ""filters_1"": 48, ""n_conv_layers"": 3, ""pool_0"": 1, ""pool_1"": 4, ""filters_2"": 24, ""pool_2"": 2, ""filters_3"": 48, ""pool_3"": 1}",COMPLETE
163,0.8938361082606809,7873464.0,17901.0,2026-09-18 14:03:05.855230,2026-09-18 14:04:31.550523,0 days 00:01:25.695293,16,48,24.0,,3,1,4,2.0,,0.8938361082606809,7873464.0,2.0847006341903587,17901.0,"{""filters_0"": 16, ""filters_1"": 48, ""n_conv_layers"": 3, ""pool_0"": 1, ""pool_1"": 4, ""filters_2"": 24, ""pool_2"": 2, ""filters_3"": 48, ""pool_3"": 1}",COMPLETE
164,0.14335508539763858,4023480.0,9165.0,2026-09-18 14:04:31.552396,2026-09-18 14:04:44.495616,0 days 00:00:12.943220,16,24,24.0,,3,1,4,2.0,,0.14335508539763858,4023480.0,1.065319065109363,9165.0,"{""filters_0"": 16, ""filters_1"": 24, ""n_conv_layers"": 3, ""pool_0"": 1, ""pool_1"": 4, ""filters_2"": 24, ""pool_2"": 2, ""filters_3"": 48, ""pool_3"": 1}",COMPLETE
165,0.0492017054648323,2096144.0,7685.0,2026-09-18 14:04:44.496106,2026-09-18 14:04:59.824157,0 days 00:00:15.328051,48,16,,,2,2,4,,,0.0492017054648323,2096144.0,0.5550076467174189,7685.0,"{""filters_0"": 48, ""filters_1"": 16, ""n_conv_layers"": 2, ""pool_0"": 2, ""pool_1"": 4, ""filters_2"": 32, ""pool_2"": 2, ""filters_3"": 48, ""pool_3"": 1}",COMPLETE
166,0.7080714977078613,5085664.0,5109.0,2026-09-18 14:04:59.824686,2026-09-18 14:05:54.807942,0 days 00:00:54.983256,16,32,,,2,1,1,,,0.7080714977078613,5085664.0,1.3465594008023758,5109.0,"{""filters_0"": 16, ""filters_1"": 32, ""n_conv_layers"": 2, ""pool_0"": 1, ""pool_1"": 1, ""filters_2"": 32, ""pool_2"": 2, ""filters_3"": 48, ""pool_3"": 1}",COMPLETE
167,0.867444007854781,4091776.0,8733.0,2026-09-18 14:05:54.810978,2026-09-18 14:06:49.750376,0 days 00:00:54.939398,24,16,32.0,,3,1,4,2.0,,0.867444007854781,4091776.0,1.0834021749721456,8733.0,"{""filters_0"": 24, ""filters_1"": 16, ""n_conv_layers"": 3, ""pool_0"": 1, ""pool_1"": 4, ""filters_2"": 32, ""pool_2"": 2, ""filters_3"": 48, ""pool_3"": 1}",COMPLETE
168,0.8848433305554801,7873464.0,17901.0,2026-09-18 14:06:49.751180,2026-09-18 14:08:09.774318,0 days 00:01:20.023138,16,48,24.0,,3,1,4,2.0,,0.8848433305554801,7873464.0,2.0847006341903587,17901.0,"{""filters_0"": 16, ""filters_1"": 48, ""n_conv_layers"": 3, ""pool_0"": 1, ""pool_1"": 4, ""filters_2"": 24, ""pool_2"": 2, ""filters_3"": 48, ""pool_3"": 1}",COMPLETE
169,0.27173780596877684,7873464.0,17901.0,2026-09-18 14:08:09.776083,2026-09-18 14:08:29.183690,0 days 00:00:19.407607,16,48,24.0,,3,1,4,2.0,,0.27173780596877684,7873464.0,2.0847006341903587,17901.0,"{""filters_0"": 16, ""filters_1"": 48, ""n_conv_layers"": 3, ""pool_0"": 1, ""pool_1"": 4, ""filters_2"": 24, ""pool_2"": 2, ""filters_3"": 48, ""pool_3"": 1}",COMPLETE
170,0.2790909887249565,5528112.0,19205.0,2026-09-18 14:08:29.184211,2026-09-18 14:08:44.515820,0 days 00:00:15.331609,16,32,48.0,,3,1,4,1.0,,0.2790909887249565,5528112.0,1.4637088062224368,19205.0,"{""filters_0"": 16, ""filters_1"": 32, ""n_conv_layers"": 3, ""pool_0"": 1, ""pool_1"": 4, ""filters_2"": 48, ""pool_2"": 1, ""filters_3"": 48, ""pool_3"": 1}",COMPLETE
171,,,,2026-09-18 14:08:44.516663,2026-09-18 14:08:44.577381,0 days 00:00:00.060718,16,16,24.0,,3,4,2,,,,,,,"{""filters_0"": 16, ""filters_1"": 16, ""n_conv_layers"": 3, ""pool_0"": 4, ""pool_1"": 2, ""filters_2"": 24, ""pool_2"": 2, ""filters_3"": 48, ""pool_3"": 1}",PRUNED
172,0.849032285423559,7873464.0,17901.0,2026-09-18 14:08:44.577859,2026-09-18 14:10:08.578185,0 days 00:01:24.000326,16,48,24.0,,3,1,4,2.0,,0.849032285423559,7873464.0,2.0847006341903587,17901.0,"{""filters_0"": 16, ""filters_1"": 48, ""n_conv_layers"": 3, ""pool_0"": 1, ""pool_1"": 4, ""filters_2"": 24, ""pool_2"": 2, ""filters_3"": 48, ""pool_3"": 1}",COMPLETE
173,0.18541379948905806,327864.0,6253.0,2026-09-18 14:10:08.580348,2026-09-18 14:10:20.095758,0 days 00:00:11.515410,16,16,24.0,,3,4,1,2.0,,0.18541379948905806,327864.0,0.08681036564442128,6253.0,"{""filters_0"": 16, ""filters_1"": 16, ""n_conv_layers"": 3, ""pool_0"": 4, ""pool_1"": 1, ""filters_2"": 24, ""pool_2"": 2, ""filters_3"": 48, ""pool_3"": 1}",COMPLETE
174,0.3205963097934929,23488944.0,32389.0,2026-09-18 14:10:20.096283,2026-09-18 14:10:57.914230,0 days 00:00:37.817947,48,32,24.0,48.0,4,1,1,2.0,1.0,0.3205963097934929,23488944.0,6.219297688191858,32389.0,"{""filters_0"": 48, ""filters_1"": 32, ""n_conv_layers"": 4, ""pool_0"": 1, ""pool_1"": 1, ""filters_2"": 24, ""pool_2"": 2, ""filters_3"": 48, ""pool_3"": 1}",COMPLETE
175,0.2776202422038859,7873464.0,17901.0,2026-09-18 14:10:57.915908,2026-09-18 14:11:19.257168,0 days 00:00:21.341260,16,48,24.0,,3,1,4,2.0,,0.2776202422038859,7873464.0,2.0847006341903587,17901.0,"{""filters_0"": 16, ""filters_1"": 48, ""n_conv_layers"": 3, ""pool_0"": 1, ""pool_1"": 4, ""filters_2"": 24, ""pool_2"": 2, ""filters_3"": 32, ""pool_3"": 1}",COMPLETE
176,0.26965221810450135,357856.0,5109.0,2026-09-18 14:11:19.257669,2026-09-18 14:11:30.289723,0 days 00:00:11.032054,16,32,,,2,4,2,,,0.26965221810450135,357856.0,0.09475151345695174,5109.0,"{""filters_0"": 16, ""filters_1"": 32, ""n_conv_layers"": 2, ""pool_0"": 4, ""pool_1"": 2, ""filters_2"": 24, ""pool_2"": 2, ""filters_3"": 48, ""pool_3"": 2}",COMPLETE
177,0.7512100509561824,21016920.0,21461.0,2026-09-18 14:11:30.292158,2026-09-18 14:13:35.852234,0 days 00:02:05.560076,24,48,24.0,,3,1,1,2.0,,0.7512100509561824,21016920.0,5.564766213794593,21461.0,"{""filters_0"": 24, ""filters_1"": 48, ""n_conv_layers"": 3, ""pool_0"": 1, ""pool_1"": 1, ""filters_2"": 24, ""pool_2"": 2, ""filters_3"": 32, ""pool_3"": 1}",COMPLETE
178,,,,2026-09-18 14:13:35.854300,2026-09-18 14:13:35.976484,0 days 00:00:00.122184,16,48,24.0,,3,2,4,4.0,,,,,,"{""filters_0"": 16, ""filters_1"": 48, ""n_conv_layers"": 3, ""pool_0"": 2, ""pool_1"": 4, ""filters_2"": 24, ""pool_2"": 4, ""filters_3"": 16, ""pool_3"": 2}",PRUNED
179,0.8881230621511971,861528.0,21461.0,2026-09-18 14:13:35.976986,2026-09-18 14:14:17.526048,0 days 00:00:41.549062,24,48,24.0,,3,4,1,2.0,,0.8881230621511971,861528.0,0.2281115361641015,21461.0,"{""filters_0"": 24, ""filters_1"": 48, ""n_conv_layers"": 3, ""pool_0"": 4, ""pool_1"": 1, ""filters_2"": 24, ""pool_2"": 2, ""filters_3"": 24, ""pool_3"": 4}",COMPLETE
180,0.22370504319871407,13365336.0,21461.0,2026-09-18 14:14:17.527020,2026-09-18 14:15:04.093587,0 days 00:00:46.566567,24,48,24.0,,3,1,2,2.0,,0.22370504319871407,13365336.0,3.538813975064499,21461.0,"{""filters_0"": 24, ""filters_1"": 48, ""n_conv_layers"": 3, ""pool_0"": 1, ""pool_1"": 2, ""filters_2"": 24, ""pool_2"": 2, ""filters_3"": 32, ""pool_3"": 4}",COMPLETE
181,0.27864260477101477,861528.0,21461.0,2026-09-18 14:15:04.116854,2026-09-18 14:15:41.531044,0 days 00:00:37.414190,24,48,24.0,,3,4,1,2.0,,0.27864260477101477,861528.0,0.2281115361641015,21461.0,"{""filters_0"": 24, ""filters_1"": 48, ""n_conv_layers"": 3, ""pool_0"": 4, ""pool_1"": 1, ""filters_2"": 24, ""pool_2"": 2, ""filters_3"": 24, ""pool_3"": 1}",COMPLETE
182,,,,2026-09-18 14:15:41.531927,2026-09-18 14:15:41.617722,0 days 00:00:00.085795,24,24,24.0,32.0,4,1,2,2.0,4.0,,,,,"{""filters_0"": 24, ""filters_1"": 24, ""n_conv_layers"": 4, ""pool_0"": 1, ""pool_1"": 2, ""filters_2"": 24, ""pool_2"": 2, ""filters_3"": 32, ""pool_3"": 4}",PRUNED
183,,,,2026-09-18 14:15:41.618232,2026-09-18 14:15:41.667738,0 days 00:00:00.049506,32,32,24.0,,4,4,4,,,,,,,"{""filters_0"": 32, ""filters_1"": 32, ""n_conv_layers"": 4, ""pool_0"": 4, ""pool_1"": 4, ""filters_2"": 24, ""pool_2"": 2, ""filters_3"": 48, ""pool_3"": 1}",PRUNED
184,0.7841424358557118,265616.0,2661.0,2026-09-18 14:15:41.668185,2026-09-18 14:16:19.731409,0 days 00:00:38.063224,16,16,,,2,4,4,,,0.7841424358557118,265616.0,0.07032861821062576,2661.0,"{""filters_0"": 16, ""filters_1"": 16, ""n_conv_layers"": 2, ""pool_0"": 4, ""pool_1"": 4, ""filters_2"": 24, ""pool_2"": 2, ""filters_3"": 16, ""pool_3"": 1}",COMPLETE
185,0.8886827962911668,636600.0,17901.0,2026-09-18 14:16:19.733147,2026-09-18 14:16:57.273840,0 days 00:00:37.540693,16,48,24.0,,3,4,1,2.0,,0.8886827962911668,636600.0,0.16855610487652986,17901.0,"{""filters_0"": 16, ""filters_1"": 48, ""n_conv_layers"": 3, ""pool_0"": 4, ""pool_1"": 1, ""filters_2"": 24, ""pool_2"": 2, ""filters_3"": 48, ""pool_3"": 2}",COMPLETE
186,0.23934233931061008,7541808.0,7557.0,2026-09-18 14:16:57.275480,2026-09-18 14:17:18.236327,0 days 00:00:20.960847,16,48,,,2,1,4,,,0.23934233931061008,7541808.0,1.9968862397214138,7557.0,"{""filters_0"": 16, ""filters_1"": 48, ""n_conv_layers"": 2, ""pool_0"": 1, ""pool_1"": 4, ""filters_2"": 24, ""pool_2"": 2, ""filters_3"": 48, ""pool_3"": 1}",COMPLETE
187,0.884637327583522,405048.0,9165.0,2026-09-18 14:17:18.236905,2026-09-18 14:17:55.899557,0 days 00:00:37.662652,16,24,24.0,,3,4,1,2.0,,0.884637327583522,405048.0,0.10724680045244843,9165.0,"{""filters_0"": 16, ""filters_1"": 24, ""n_conv_layers"": 3, ""pool_0"": 4, ""pool_1"": 1, ""filters_2"": 24, ""pool_2"": 2, ""filters_3"": 24, ""pool_3"": 1}",COMPLETE
188,0.3609147097389485,405048.0,9165.0,2026-09-18 14:17:55.901107,2026-09-18 14:18:28.732667,0 days 00:00:32.831560,16,24,24.0,,3,4,1,2.0,,0.3609147097389485,405048.0,0.10724680045244843,9165.0,"{""filters_0"": 16, ""filters_1"": 24, ""n_conv_layers"": 3, ""pool_0"": 4, ""pool_1"": 1, ""filters_2"": 24, ""pool_2"": 2, ""filters_3"": 48, ""pool_3"": 1}",COMPLETE
189,0.8203466956873307,5943288.0,8765.0,2026-09-18 14:18:28.734293,2026-09-18 14:19:38.679003,0 days 00:01:09.944710,32,16,24.0,,3,1,2,2.0,,0.8203466956873307,5943288.0,1.5736372532821574,8765.0,"{""filters_0"": 32, ""filters_1"": 16, ""n_conv_layers"": 3, ""pool_0"": 1, ""pool_1"": 2, ""filters_2"": 24, ""pool_2"": 2, ""filters_3"": 16, ""pool_3"": 1}",COMPLETE
190,0.16349104789807964,7010616.0,32141.0,2026-09-18 14:19:38.680719,2026-09-18 14:20:04.515229,0 days 00:00:25.834510,48,48,24.0,,3,2,1,2.0,,0.16349104789807964,7010616.0,1.856239594321518,32141.0,"{""filters_0"": 48, ""filters_1"": 48, ""n_conv_layers"": 3, ""pool_0"": 2, ""pool_1"": 1, ""filters_2"": 24, ""pool_2"": 2, ""filters_3"": 16, ""pool_3"": 1}",COMPLETE
