number,values_0,values_1,values_2,datetime_start,datetime_complete,duration,params_filters_0,params_filters_1,params_filters_2,params_filters_3,params_n_conv_layers,params_pool_0,params_pool_1,params_pool_2,params_pool_3,user_attrs_macro_f1,user_attrs_macs,user_attrs_macs_ratio,user_attrs_num_params,system_attrs_tpe:relative_params:0,state
68,0.17340695208905857,1985016.0,8765.0,2026-09-18 11:39:50.719335,2026-09-18 11:40:04.508345,0 days 00:00:13.789010,32,16,24.0,,3,2,1,1.0,,0.17340695208905857,1985016.0,0.5255836711869146,8765.0,"{""filters_0"": 32, ""filters_1"": 16, ""n_conv_layers"": 3, ""pool_0"": 2, ""pool_1"": 1, ""filters_2"": 24, ""pool_2"": 1, ""filters_3"": 48, ""pool_3"": 4}",COMPLETE
69,0.8562992951617824,715552.0,9925.0,2026-09-18 11:40:04.510045,2026-09-18 11:40:44.797582,0 days 00:00:40.287537,32,32,,,2,4,1,,,0.8562992951617824,715552.0,0.18946066282848054,9925.0,"{""filters_0"": 32, ""filters_1"": 32, ""n_conv_layers"": 2, ""pool_0"": 4, ""pool_1"": 1, ""filters_2"": 48, ""pool_2"": 2, ""filters_3"": 32, ""pool_3"": 4}",COMPLETE
70,0.7890183818045468,265616.0,2661.0,2026-09-18 11:40:44.798102,2026-09-18 11:41:11.066621,0 days 00:00:26.268519,16,16,,,2,4,4,,,0.7890183818045468,265616.0,0.07032861821062576,2661.0,"{""filters_0"": 16, ""filters_1"": 16, ""n_conv_layers"": 2, ""pool_0"": 4, ""pool_1"": 4, ""filters_2"": 48, ""pool_2"": 2, ""filters_3"": 32, ""pool_3"": 4}",COMPLETE
71,0.16058927392676164,265616.0,2661.0,2026-09-18 11:41:11.067148,2026-09-18 11:41:17.620226,0 days 00:00:06.553078,16,16,,,2,4,4,,,0.16058927392676164,265616.0,0.07032861821062576,2661.0,"{""filters_0"": 16, ""filters_1"": 16, ""n_conv_layers"": 2, ""pool_0"": 4, ""pool_1"": 4, ""filters_2"": 24, ""pool_2"": 2, ""filters_3"": 32, ""pool_3"": 4}",COMPLETE
72,,,,2026-09-18 11:41:17.620735,2026-09-18 11:41:17.658007,0 days 00:00:00.037272,16,16,24.0,,3,4,4,,,,,,,"{""filters_0"": 16, ""filters_1"": 16, ""n_conv_layers"": 3, ""pool_0"": 4, ""pool_1"": 4, ""filters_2"": 24, ""pool_2"": 2, ""filters_3"": 48, ""pool_3"": 4}",PRUNED
73,0.8682188771415322,460632.0,7509.0,2026-09-18 11:41:17.658393,2026-09-18 11:41:55.261010,0 days 00:00:37.602617,24,16,24.0,,3,4,1,2.0,,0.8682188771415322,460632.0,0.12196408372837843,7509.0,"{""filters_0"": 24, ""filters_1"": 16, ""n_conv_layers"": 3, ""pool_0"": 4, ""pool_1"": 1, ""filters_2"": 24, ""pool_2"": 2, ""filters_3"": 32, ""pool_3"": 4}",COMPLETE
74,0.39223678469340084,593400.0,8765.0,2026-09-18 11:41:55.261521,2026-09-18 11:42:06.335128,0 days 00:00:11.073607,32,16,24.0,,3,4,1,2.0,,0.39223678469340084,593400.0,0.15711780181233556,8765.0,"{""filters_0"": 32, ""filters_1"": 16, ""n_conv_layers"": 3, ""pool_0"": 4, ""pool_1"": 1, ""filters_2"": 24, ""pool_2"": 2, ""filters_3"": 32, ""pool_3"": 4}",COMPLETE
75,0.2965362003725175,390192.0,9925.0,2026-09-18 11:42:06.336607,2026-09-18 11:42:14.481064,0 days 00:00:08.144457,16,16,48.0,,3,4,1,2.0,,0.2965362003725175,390192.0,0.10331329512092828,9925.0,"{""filters_0"": 16, ""filters_1"": 16, ""n_conv_layers"": 3, ""pool_0"": 4, ""pool_1"": 1, ""filters_2"": 48, ""pool_2"": 2, ""filters_3"": 32, ""pool_3"": 4}",COMPLETE
76,,,,2026-09-18 11:42:14.481553,2026-09-18 11:42:14.532716,0 days 00:00:00.051163,16,24,24.0,,3,2,4,2.0,,,,,,"{""filters_0"": 16, ""filters_1"": 24, ""n_conv_layers"": 3, ""pool_0"": 2, ""pool_1"": 4, ""filters_2"": 24, ""pool_2"": 2, ""filters_3"": 48, ""pool_3"": 4}",PRUNED
77,,,,2026-09-18 11:42:14.533108,2026-09-18 11:42:14.568426,0 days 00:00:00.035318,16,16,24.0,,4,4,4,,,,,,,"{""filters_0"": 16, ""filters_1"": 16, ""n_conv_layers"": 4, ""pool_0"": 4, ""pool_1"": 4, ""filters_2"": 24, ""pool_2"": 2, ""filters_3"": 32, ""pool_3"": 4}",PRUNED
78,,,,2026-09-18 11:42:14.568790,2026-09-18 11:42:14.600881,0 days 00:00:00.032091,16,24,24.0,,3,4,2,,,,,,,"{""filters_0"": 16, ""filters_1"": 24, ""n_conv_layers"": 3, ""pool_0"": 4, ""pool_1"": 2, ""filters_2"": 24, ""pool_2"": 2, ""filters_3"": 48, ""pool_3"": 4}",PRUNED
79,0.37282097403941555,5085664.0,5109.0,2026-09-18 11:42:14.601262,2026-09-18 11:42:37.415185,0 days 00:00:22.813923,16,32,,,2,1,2,,,0.37282097403941555,5085664.0,1.3465594008023758,5109.0,"{""filters_0"": 16, ""filters_1"": 32, ""n_conv_layers"": 2, ""pool_0"": 1, ""pool_1"": 2, ""filters_2"": 48, ""pool_2"": 2, ""filters_3"": 48, ""pool_3"": 4}",COMPLETE
80,0.4642800014992677,654288.0,16397.0,2026-09-18 11:42:37.415729,2026-09-18 11:42:47.388890,0 days 00:00:09.973161,24,24,48.0,,3,4,1,2.0,,0.4642800014992677,654288.0,0.17323945452003608,16397.0,"{""filters_0"": 24, ""filters_1"": 24, ""n_conv_layers"": 3, ""pool_0"": 4, ""pool_1"": 1, ""filters_2"": 48, ""pool_2"": 2, ""filters_3"": 32, ""pool_3"": 4}",COMPLETE
81,0.8590886693987164,460632.0,7509.0,2026-09-18 11:42:47.389410,2026-09-18 11:43:24.048456,0 days 00:00:36.659046,24,16,24.0,,3,4,1,2.0,,0.8590886693987164,460632.0,0.12196408372837843,7509.0,"{""filters_0"": 24, ""filters_1"": 16, ""n_conv_layers"": 3, ""pool_0"": 4, ""pool_1"": 1, ""filters_2"": 24, ""pool_2"": 2, ""filters_3"": 32, ""pool_3"": 4}",COMPLETE
82,0.26711223740803436,796688.0,7685.0,2026-09-18 11:43:24.049052,2026-09-18 11:43:38.944718,0 days 00:00:14.895666,48,16,,,2,4,1,,,0.26711223740803436,796688.0,0.21094349054645434,7685.0,"{""filters_0"": 48, ""filters_1"": 16, ""n_conv_layers"": 2, ""pool_0"": 4, ""pool_1"": 1, ""filters_2"": 24, ""pool_2"": 2, ""filters_3"": 32, ""pool_3"": 4}",COMPLETE
83,0.8204190216049885,1635672.0,7509.0,2026-09-18 11:43:38.945544,2026-09-18 11:44:25.377671,0 days 00:00:46.432127,24,16,24.0,,3,2,1,2.0,,0.8204190216049885,1635672.0,0.43308592707446336,7509.0,"{""filters_0"": 24, ""filters_1"": 16, ""n_conv_layers"": 3, ""pool_0"": 2, ""pool_1"": 1, ""filters_2"": 24, ""pool_2"": 2, ""filters_3"": 32, ""pool_3"": 4}",COMPLETE
84,0.858953212344885,450096.0,7557.0,2026-09-18 11:44:25.379279,2026-09-18 11:44:53.545218,0 days 00:00:28.165939,16,48,,,2,4,1,,,0.858953212344885,450096.0,0.11917440870327771,7557.0,"{""filters_0"": 16, ""filters_1"": 48, ""n_conv_layers"": 2, ""pool_0"": 4, ""pool_1"": 1, ""filters_2"": 24, ""pool_2"": 2, ""filters_3"": 48, ""pool_3"": 4}",COMPLETE
85,0.7862465022472169,7179096.0,7509.0,2026-09-18 11:44:53.545736,2026-09-18 11:46:05.313036,0 days 00:01:11.767300,24,16,24.0,,3,1,1,2.0,,0.7862465022472169,7179096.0,1.9008489762718757,7509.0,"{""filters_0"": 24, ""filters_1"": 16, ""n_conv_layers"": 3, ""pool_0"": 1, ""pool_1"": 1, ""filters_2"": 24, ""pool_2"": 2, ""filters_3"": 32, ""pool_3"": 4}",COMPLETE
86,0.16925696049264585,661080.0,14485.0,2026-09-18 11:46:05.314152,2026-09-18 11:46:15.124728,0 days 00:00:09.810576,24,32,24.0,,3,4,1,2.0,,0.16925696049264585,661080.0,0.17503780994623996,14485.0,"{""filters_0"": 24, ""filters_1"": 32, ""n_conv_layers"": 3, ""pool_0"": 4, ""pool_1"": 1, ""filters_2"": 24, ""pool_2"": 2, ""filters_3"": 48, ""pool_3"": 4}",COMPLETE
87,0.3535503663974854,398384.0,3917.0,2026-09-18 11:46:15.125234,2026-09-18 11:46:24.255317,0 days 00:00:09.130083,24,16,,,2,4,1,,,0.3535503663974854,398384.0,0.10548233629458291,3917.0,"{""filters_0"": 24, ""filters_1"": 16, ""n_conv_layers"": 2, ""pool_0"": 4, ""pool_1"": 1, ""filters_2"": 16, ""pool_2"": 1, ""filters_3"": 48, ""pool_3"": 4}",COMPLETE
88,0.22390665717989794,311736.0,3885.0,2026-09-18 11:46:24.257335,2026-09-18 11:46:34.700398,0 days 00:00:10.443063,16,24,,,2,4,2,,,0.22390665717989794,311736.0,0.08254006583378874,3885.0,"{""filters_0"": 16, ""filters_1"": 24, ""n_conv_layers"": 2, ""pool_0"": 4, ""pool_1"": 2, ""filters_2"": 16, ""pool_2"": 1, ""filters_3"": 48, ""pool_3"": 4}",COMPLETE
89,0.06197263888490549,439856.0,6285.0,2026-09-18 11:46:34.700920,2026-09-18 11:46:43.953859,0 days 00:00:09.252939,24,16,16.0,,3,4,1,1.0,,0.06197263888490549,439856.0,0.11646310723620944,6285.0,"{""filters_0"": 24, ""filters_1"": 16, ""n_conv_layers"": 3, ""pool_0"": 4, ""pool_1"": 1, ""filters_2"": 16, ""pool_2"": 1, ""filters_3"": 32, ""pool_3"": 4}",COMPLETE
90,0.7796338307320009,15256672.0,14741.0,2026-09-18 11:46:43.954376,2026-09-18 11:48:16.970912,0 days 00:01:33.016536,48,32,,,2,1,4,,,0.7796338307320009,15256672.0,4.039593474236281,14741.0,"{""filters_0"": 48, ""filters_1"": 32, ""n_conv_layers"": 2, ""pool_0"": 1, ""pool_1"": 4, ""filters_2"": 32, ""pool_2"": 2, ""filters_3"": 48, ""pool_3"": 4}",COMPLETE
91,0.8080067542554576,357856.0,5109.0,2026-09-18 11:48:16.972546,2026-09-18 11:48:45.004083,0 days 00:00:28.031537,16,32,,,2,4,2,,,0.8080067542554576,357856.0,0.09475151345695174,5109.0,"{""filters_0"": 16, ""filters_1"": 32, ""n_conv_layers"": 2, ""pool_0"": 4, ""pool_1"": 2, ""filters_2"": 32, ""pool_2"": 2, ""filters_3"": 48, ""pool_3"": 4}",COMPLETE
92,,,,2026-09-18 11:48:45.004625,2026-09-18 11:48:45.045781,0 days 00:00:00.041156,24,16,32.0,,3,4,4,,,,,,,"{""filters_0"": 24, ""filters_1"": 16, ""n_conv_layers"": 3, ""pool_0"": 4, ""pool_1"": 4, ""filters_2"": 32, ""pool_2"": 2, ""filters_3"": 32, ""pool_3"": 4}",PRUNED
93,0.9012684933382754,636600.0,17901.0,2026-09-18 11:48:45.046226,2026-09-18 11:49:16.466811,0 days 00:00:31.420585,16,48,24.0,,3,4,1,2.0,,0.9012684933382754,636600.0,0.16855610487652986,17901.0,"{""filters_0"": 16, ""filters_1"": 48, ""n_conv_layers"": 3, ""pool_0"": 4, ""pool_1"": 1, ""filters_2"": 24, ""pool_2"": 2, ""filters_3"": 32, ""pool_3"": 4}",COMPLETE
94,0.878117868998346,636600.0,17901.0,2026-09-18 11:49:16.467303,2026-09-18 11:49:46.102624,0 days 00:00:29.635321,16,48,24.0,,3,4,1,2.0,,0.878117868998346,636600.0,0.16855610487652986,17901.0,"{""filters_0"": 16, ""filters_1"": 48, ""n_conv_layers"": 3, ""pool_0"": 4, ""pool_1"": 1, ""filters_2"": 24, ""pool_2"": 2, ""filters_3"": 48, ""pool_3"": 4}",COMPLETE
95,0.3697167504914293,636600.0,17901.0,2026-09-18 11:49:46.103106,2026-09-18 11:49:54.851548,0 days 00:00:08.748442,16,48,24.0,,3,4,1,2.0,,0.3697167504914293,636600.0,0.16855610487652986,17901.0,"{""filters_0"": 16, ""filters_1"": 48, ""n_conv_layers"": 3, ""pool_0"": 4, ""pool_1"": 1, ""filters_2"": 24, ""pool_2"": 2, ""filters_3"": 48, ""pool_3"": 4}",COMPLETE
96,0.14100942554124998,1286328.0,6253.0,2026-09-18 11:49:54.852040,2026-09-18 11:50:04.968897,0 days 00:00:10.116857,16,16,24.0,,3,2,1,2.0,,0.14100942554124998,1286328.0,0.3405881829620121,6253.0,"{""filters_0"": 16, ""filters_1"": 16, ""n_conv_layers"": 3, ""pool_0"": 2, ""pool_1"": 1, ""filters_2"": 24, ""pool_2"": 2, ""filters_3"": 32, ""pool_3"": 4}",COMPLETE
97,0.8903336933305115,861528.0,21461.0,2026-09-18 11:50:04.969443,2026-09-18 11:50:44.751676,0 days 00:00:39.782233,24,48,24.0,,3,4,1,2.0,,0.8903336933305115,861528.0,0.2281115361641015,21461.0,"{""filters_0"": 24, ""filters_1"": 48, ""n_conv_layers"": 3, ""pool_0"": 4, ""pool_1"": 1, ""filters_2"": 24, ""pool_2"": 2, ""filters_3"": 48, ""pool_3"": 4}",COMPLETE
98,0.8766768484890838,4386648.0,21461.0,2026-09-18 11:50:44.752482,2026-09-18 11:51:37.321901,0 days 00:00:52.569419,24,48,24.0,,3,2,1,2.0,,0.8766768484890838,4386648.0,1.1614770662023564,21461.0,"{""filters_0"": 24, ""filters_1"": 48, ""n_conv_layers"": 3, ""pool_0"": 2, ""pool_1"": 1, ""filters_2"": 24, ""pool_2"": 2, ""filters_3"": 48, ""pool_3"": 4}",COMPLETE
99,,,,2026-09-18 11:51:37.323432,2026-09-18 11:51:37.381504,0 days 00:00:00.058072,24,48,24.0,,3,4,4,,,,,,,"{""filters_0"": 24, ""filters_1"": 48, ""n_conv_layers"": 3, ""pool_0"": 4, ""pool_1"": 4, ""filters_2"": 24, ""pool_2"": 4, ""filters_3"": 48, ""pool_3"": 4}",PRUNED
100,,,,2026-09-18 13:27:00.580333,2026-09-18 13:27:00.768907,0 days 00:00:00.188574,24,48,16.0,,3,4,1,4.0,,,,,,"{""filters_0"": 24, ""filters_1"": 48, ""n_conv_layers"": 3, ""pool_0"": 4, ""pool_1"": 1, ""filters_2"": 16, ""pool_2"": 4, ""filters_3"": 48, ""pool_3"": 4}",PRUNED
101,0.8217779461712157,357856.0,5109.0,2026-09-18 13:27:00.769628,2026-09-18 13:27:28.908165,0 days 00:00:28.138537,16,32,,,2,4,1,,,0.8217779461712157,357856.0,0.09475151345695174,5109.0,"{""filters_0"": 16, ""filters_1"": 32, ""n_conv_layers"": 2, ""pool_0"": 4, ""pool_1"": 1, ""filters_2"": 24, ""pool_2"": 2, ""filters_3"": 32, ""pool_3"": 4}",COMPLETE
102,0.49891841235537626,1086456.0,25021.0,2026-09-18 13:27:28.908673,2026-09-18 13:27:43.402663,0 days 00:00:14.493990,32,48,24.0,,3,4,1,2.0,,0.49891841235537626,1086456.0,0.2876669674516732,25021.0,"{""filters_0"": 32, ""filters_1"": 48, ""n_conv_layers"": 3, ""pool_0"": 4, ""pool_1"": 1, ""filters_2"": 24, ""pool_2"": 2, ""filters_3"": 32, ""pool_3"": 4}",COMPLETE
103,0.33078305970847033,1536312.0,32141.0,2026-09-18 13:27:43.403560,2026-09-18 13:28:01.223361,0 days 00:00:17.819801,48,48,24.0,,3,4,1,2.0,,0.33078305970847033,1536312.0,0.40677783002681644,32141.0,"{""filters_0"": 48, ""filters_1"": 48, ""n_conv_layers"": 3, ""pool_0"": 4, ""pool_1"": 1, ""filters_2"": 24, ""pool_2"": 2, ""filters_3"": 32, ""pool_3"": 4}",COMPLETE
104,0.8782028614484151,636600.0,17901.0,2026-09-18 13:28:01.223868,2026-09-18 13:28:34.134895,0 days 00:00:32.911027,16,48,24.0,,3,4,1,2.0,,0.8782028614484151,636600.0,0.16855610487652986,17901.0,"{""filters_0"": 16, ""filters_1"": 48, ""n_conv_layers"": 3, ""pool_0"": 4, ""pool_1"": 1, ""filters_2"": 24, ""pool_2"": 2, ""filters_3"": 32, ""pool_3"": 4}",COMPLETE
105,0.39976742501215196,405048.0,9165.0,2026-09-18 13:28:34.135777,2026-09-18 13:28:43.821595,0 days 00:00:09.685818,16,24,24.0,,3,4,1,2.0,,0.39976742501215196,405048.0,0.10724680045244843,9165.0,"{""filters_0"": 16, ""filters_1"": 24, ""n_conv_layers"": 3, ""pool_0"": 4, ""pool_1"": 1, ""filters_2"": 24, ""pool_2"": 2, ""filters_3"": 32, ""pool_3"": 4}",COMPLETE
106,0.8176056099489873,10327264.0,10965.0,2026-09-18 13:28:43.822150,2026-09-18 13:30:02.901270,0 days 00:01:19.079120,16,24,32.0,,3,1,1,2.0,,0.8176056099489873,10327264.0,2.7344068392579506,10965.0,"{""filters_0"": 16, ""filters_1"": 24, ""n_conv_layers"": 3, ""pool_0"": 1, ""pool_1"": 1, ""filters_2"": 32, ""pool_2"": 2, ""filters_3"": 32, ""pool_3"": 4}",COMPLETE
107,0.20488719243956086,1073248.0,14741.0,2026-09-18 13:30:02.901828,2026-09-18 13:30:16.115326,0 days 00:00:13.213498,48,32,,,2,4,1,,,0.20488719243956086,1073248.0,0.2841698122000093,14741.0,"{""filters_0"": 48, ""filters_1"": 32, ""n_conv_layers"": 2, ""pool_0"": 4, ""pool_1"": 1, ""filters_2"": 24, ""pool_2"": 1, ""filters_3"": 48, ""pool_3"": 4}",COMPLETE
108,0.7980792682395123,17246136.0,17901.0,2026-09-18 13:30:16.115822,2026-09-18 13:31:58.913504,0 days 00:01:42.797682,16,48,24.0,,3,1,1,1.0,,0.7980792682395123,17246136.0,4.566354866997954,17901.0,"{""filters_0"": 16, ""filters_1"": 48, ""n_conv_layers"": 3, ""pool_0"": 1, ""pool_1"": 1, ""filters_2"": 24, ""pool_2"": 1, ""filters_3"": 48, ""pool_3"": 4}",COMPLETE
109,0.7258664571340979,698768.0,2661.0,2026-09-18 13:31:58.915069,2026-09-18 13:32:31.204564,0 days 00:00:32.289495,16,16,,,2,2,2,,,0.7258664571340979,698768.0,0.18501667026761393,2661.0,"{""filters_0"": 16, ""filters_1"": 16, ""n_conv_layers"": 2, ""pool_0"": 2, ""pool_1"": 2, ""filters_2"": 24, ""pool_2"": 2, ""filters_3"": 48, ""pool_3"": 4}",COMPLETE
110,0.36366523147539725,858936.0,11277.0,2026-09-18 13:32:31.205069,2026-09-18 13:32:46.890569,0 days 00:00:15.685500,48,16,24.0,,3,4,1,2.0,,0.36366523147539725,858936.0,0.22742523798024986,11277.0,"{""filters_0"": 48, ""filters_1"": 16, ""n_conv_layers"": 3, ""pool_0"": 4, ""pool_1"": 1, ""filters_2"": 24, ""pool_2"": 2, ""filters_3"": 48, ""pool_3"": 4}",COMPLETE
111,,,,2026-09-18 13:32:46.891452,2026-09-18 13:32:46.944576,0 days 00:00:00.053124,16,48,48.0,,3,4,2,,,,,,,"{""filters_0"": 16, ""filters_1"": 48, ""n_conv_layers"": 3, ""pool_0"": 4, ""pool_1"": 2, ""filters_2"": 48, ""pool_2"": 2, ""filters_3"": 32, ""pool_3"": 4}",PRUNED
112,,,,2026-09-18 13:32:46.945093,2026-09-18 13:32:47.031743,0 days 00:00:00.086650,16,16,24.0,32.0,4,2,1,2.0,4.0,,,,,"{""filters_0"": 16, ""filters_1"": 16, ""n_conv_layers"": 4, ""pool_0"": 2, ""pool_1"": 1, ""filters_2"": 24, ""pool_2"": 2, ""filters_3"": 32, ""pool_3"": 4}",PRUNED
113,0.8316903597523526,357856.0,5109.0,2026-09-18 13:32:47.032187,2026-09-18 13:33:16.165681,0 days 00:00:29.133494,16,32,,,2,4,1,,,0.8316903597523526,357856.0,0.09475151345695174,5109.0,"{""filters_0"": 16, ""filters_1"": 32, ""n_conv_layers"": 2, ""pool_0"": 4, ""pool_1"": 1, ""filters_2"": 24, ""pool_2"": 4, ""filters_3"": 48, ""pool_3"": 4}",COMPLETE
114,,,,2026-09-18 13:33:16.166245,2026-09-18 13:33:16.220224,0 days 00:00:00.053979,24,48,24.0,,3,4,1,4.0,,,,,,"{""filters_0"": 24, ""filters_1"": 48, ""n_conv_layers"": 3, ""pool_0"": 4, ""pool_1"": 1, ""filters_2"": 24, ""pool_2"": 4, ""filters_3"": 48, ""pool_3"": 2}",PRUNED
115,,,,2026-09-18 13:33:16.220694,2026-09-18 13:33:16.261967,0 days 00:00:00.041273,24,16,24.0,,3,4,2,,,,,,,"{""filters_0"": 24, ""filters_1"": 16, ""n_conv_layers"": 3, ""pool_0"": 4, ""pool_1"": 2, ""filters_2"": 24, ""pool_2"": 2, ""filters_3"": 48, ""pool_3"": 4}",PRUNED
116,0.20807800328488418,715552.0,9925.0,2026-09-18 13:33:16.262296,2026-09-18 13:33:26.410600,0 days 00:00:10.148304,32,32,,,2,4,2,,,0.20807800328488418,715552.0,0.18946066282848054,9925.0,"{""filters_0"": 32, ""filters_1"": 32, ""n_conv_layers"": 2, ""pool_0"": 4, ""pool_1"": 2, ""filters_2"": 16, ""pool_2"": 2, ""filters_3"": 48, ""pool_3"": 2}",COMPLETE
117,0.8392429305974893,450096.0,7557.0,2026-09-18 13:33:26.411120,2026-09-18 13:33:55.343582,0 days 00:00:28.932462,16,48,,,2,4,4,,,0.8392429305974893,450096.0,0.11917440870327771,7557.0,"{""filters_0"": 16, ""filters_1"": 48, ""n_conv_layers"": 2, ""pool_0"": 4, ""pool_1"": 4, ""filters_2"": 16, ""pool_2"": 2, ""filters_3"": 48, ""pool_3"": 2}",COMPLETE
118,,,,2026-09-18 13:33:55.344093,2026-09-18 13:33:55.587992,0 days 00:00:00.243899,16,24,16.0,,3,4,4,,,,,,,"{""filters_0"": 16, ""filters_1"": 24, ""n_conv_layers"": 3, ""pool_0"": 4, ""pool_1"": 4, ""filters_2"": 16, ""pool_2"": 2, ""filters_3"": 48, ""pool_3"": 1}",PRUNED
119,0.8362171475054183,327864.0,6253.0,2026-09-18 13:33:55.588421,2026-09-18 13:34:35.156393,0 days 00:00:39.567972,16,16,24.0,,3,4,1,2.0,,0.8362171475054183,327864.0,0.08681036564442128,6253.0,"{""filters_0"": 16, ""filters_1"": 16, ""n_conv_layers"": 3, ""pool_0"": 4, ""pool_1"": 1, ""filters_2"": 24, ""pool_2"": 2, ""filters_3"": 48, ""pool_3"": 1}",COMPLETE
120,0.7495869949788408,3498864.0,14677.0,2026-09-18 13:34:35.158294,2026-09-18 13:35:27.198587,0 days 00:00:52.040293,32,48,,,2,2,4,,,0.7495869949788408,3498864.0,0.92641358362035,14677.0,"{""filters_0"": 32, ""filters_1"": 48, ""n_conv_layers"": 2, ""pool_0"": 2, ""pool_1"": 4, ""filters_2"": 32, ""pool_2"": 2, ""filters_3"": 48, ""pool_3"": 2}",COMPLETE
121,0.80924656967667,265616.0,2661.0,2026-09-18 13:35:27.199131,2026-09-18 13:35:55.540839,0 days 00:00:28.341708,16,16,,,2,4,2,,,0.80924656967667,265616.0,0.07032861821062576,2661.0,"{""filters_0"": 16, ""filters_1"": 16, ""n_conv_layers"": 2, ""pool_0"": 4, ""pool_1"": 2, ""filters_2"": 32, ""pool_2"": 2, ""filters_3"": 48, ""pool_3"": 1}",COMPLETE
122,0.8474904312008545,796688.0,7685.0,2026-09-18 13:35:55.541348,2026-09-18 13:36:56.074078,0 days 00:01:00.532730,48,16,,,2,4,2,,,0.8474904312008545,796688.0,0.21094349054645434,7685.0,"{""filters_0"": 48, ""filters_1"": 16, ""n_conv_layers"": 2, ""pool_0"": 4, ""pool_1"": 2, ""filters_2"": 24, ""pool_2"": 2, ""filters_3"": 48, ""pool_3"": 1}",COMPLETE
123,0.8761943721126555,327864.0,6253.0,2026-09-18 13:36:56.075414,2026-09-18 13:37:28.742656,0 days 00:00:32.667242,16,16,24.0,,3,4,1,2.0,,0.8761943721126555,327864.0,0.08681036564442128,6253.0,"{""filters_0"": 16, ""filters_1"": 16, ""n_conv_layers"": 3, ""pool_0"": 4, ""pool_1"": 1, ""filters_2"": 24, ""pool_2"": 2, ""filters_3"": 48, ""pool_3"": 4}",COMPLETE
124,,,,2026-09-18 13:37:28.743171,2026-09-18 13:37:28.822945,0 days 00:00:00.079774,48,16,32.0,48.0,4,1,2,2.0,4.0,,,,,"{""filters_0"": 48, ""filters_1"": 16, ""n_conv_layers"": 4, ""pool_0"": 1, ""pool_1"": 2, ""filters_2"": 32, ""pool_2"": 2, ""filters_3"": 48, ""pool_3"": 4}",PRUNED
125,0.2937990574981774,357856.0,5109.0,2026-09-18 13:37:28.823361,2026-09-18 13:37:37.204191,0 days 00:00:08.380830,16,32,,,2,4,1,,,0.2937990574981774,357856.0,0.09475151345695174,5109.0,"{""filters_0"": 16, ""filters_1"": 32, ""n_conv_layers"": 2, ""pool_0"": 4, ""pool_1"": 1, ""filters_2"": 24, ""pool_2"": 2, ""filters_3"": 24, ""pool_3"": 1}",COMPLETE
126,0.7549469572718406,265616.0,2661.0,2026-09-18 13:37:37.205115,2026-09-18 13:38:05.121104,0 days 00:00:27.915989,16,16,,,2,4,1,,,0.7549469572718406,265616.0,0.07032861821062576,2661.0,"{""filters_0"": 16, ""filters_1"": 16, ""n_conv_layers"": 2, ""pool_0"": 4, ""pool_1"": 1, ""filters_2"": 24, ""pool_2"": 2, ""filters_3"": 24, ""pool_3"": 2}",COMPLETE
127,0.799571112254211,795576.0,6253.0,2026-09-18 13:38:05.122086,2026-09-18 13:38:39.454299,0 days 00:00:34.332213,16,16,24.0,,3,2,2,2.0,,0.799571112254211,795576.0,0.21064906015276488,6253.0,"{""filters_0"": 16, ""filters_1"": 16, ""n_conv_layers"": 3, ""pool_0"": 2, ""pool_1"": 2, ""filters_2"": 24, ""pool_2"": 2, ""filters_3"": 32, ""pool_3"": 1}",COMPLETE
128,0.3215082046753913,390192.0,9925.0,2026-09-18 13:38:39.455156,2026-09-18 13:38:48.321900,0 days 00:00:08.866744,16,16,48.0,,3,4,1,1.0,,0.3215082046753913,390192.0,0.10331329512092828,9925.0,"{""filters_0"": 16, ""filters_1"": 16, ""n_conv_layers"": 3, ""pool_0"": 4, ""pool_1"": 1, ""filters_2"": 48, ""pool_2"": 1, ""filters_3"": 24, ""pool_3"": 1}",COMPLETE
129,0.1269029410622331,398384.0,3917.0,2026-09-18 13:38:48.322410,2026-09-18 13:38:58.994592,0 days 00:00:10.672182,24,16,,,2,4,4,,,0.1269029410622331,398384.0,0.10548233629458291,3917.0,"{""filters_0"": 24, ""filters_1"": 16, ""n_conv_layers"": 2, ""pool_0"": 4, ""pool_1"": 4, ""filters_2"": 24, ""pool_2"": 4, ""filters_3"": 24, ""pool_3"": 1}",COMPLETE
