number,values_0,values_1,values_2,datetime_start,datetime_complete,duration,params_filters_0,params_filters_1,params_filters_2,params_filters_3,params_n_conv_layers,params_pool_0,params_pool_1,params_pool_2,params_pool_3,user_attrs_macro_f1,user_attrs_macs,user_attrs_macs_ratio,user_attrs_num_params,system_attrs_tpe:relative_params:0,state
0,,,,2026-09-18 11:17:03.878506,2026-09-18 11:17:04.086739,0 days 00:00:00.208233,32,24,24.0,,4,4,2,,,,,,,,PRUNED
1,0.772863496332824,11312592.0,11117.0,2026-09-18 11:17:04.087190,2026-09-18 11:18:31.910393,0 days 00:01:27.823203,24,48,,,2,1,1,,,0.772863496332824,11312592.0,2.9952975865180536,11117.0,,COMPLETE
2,0.7797068580095863,796688.0,7685.0,2026-09-18 11:18:31.911892,2026-09-18 11:19:33.798985,0 days 00:01:01.887093,48,16,,,2,4,4,,,0.7797068580095863,796688.0,0.21094349054645434,7685.0,,COMPLETE
3,0.19556906647696531,1536312.0,32141.0,2026-09-18 11:19:33.799619,2026-09-18 11:19:49.707953,0 days 00:00:15.908334,48,48,24.0,,3,4,1,1.0,,0.19556906647696531,1536312.0,0.40677783002681644,32141.0,,COMPLETE
4,,,,2026-09-18 11:19:49.709786,2026-09-18 11:19:49.755558,0 days 00:00:00.045772,48,48,48.0,,4,4,4,,,,,,,,PRUNED
5,0.5253523344604459,1943664.0,18229.0,2026-09-18 11:19:49.756126,2026-09-18 11:20:03.217662,0 days 00:00:13.461536,32,24,48.0,,3,2,4,1.0,,0.5253523344604459,1943664.0,0.5146346733093553,18229.0,,COMPLETE
6,0.7571485713208289,531152.0,5173.0,2026-09-18 11:20:03.218241,2026-09-18 11:20:45.282028,0 days 00:00:42.063787,32,16,,,2,4,4,,,0.7571485713208289,531152.0,0.14063605437854004,5173.0,,COMPLETE
7,0.6959775522841595,5786328.0,5717.0,2026-09-18 11:20:45.282875,2026-09-18 11:21:39.015758,0 days 00:00:53.732883,24,24,,,2,1,2,,,0.6959775522841595,5786328.0,1.5320780854822516,5717.0,,COMPLETE
8,,,,2026-09-18 11:21:39.016308,2026-09-18 11:21:39.048572,0 days 00:00:00.032264,24,24,24.0,,3,4,4,,,,,,,,PRUNED
9,,,,2026-09-18 11:21:39.048937,2026-09-18 11:21:39.110223,0 days 00:00:00.061286,16,24,48.0,48.0,4,4,1,2.0,,,,,,,PRUNED
10,,,,2026-09-18 11:21:39.110632,2026-09-18 11:21:39.168487,0 days 00:00:00.057855,32,16,16.0,32.0,4,1,4,4.0,,,,,,"{""filters_0"": 32, ""filters_1"": 16, ""n_conv_layers"": 4, ""pool_0"": 1, ""pool_1"": 4, ""filters_2"": 16, ""pool_2"": 4, ""filters_3"": 32}",PRUNED
11,0.8288144721377076,796688.0,7685.0,2026-09-18 11:21:39.168880,2026-09-18 11:22:38.566817,0 days 00:00:59.397937,48,16,,,2,4,4,,,0.8288144721377076,796688.0,0.21094349054645434,7685.0,"{""filters_0"": 48, ""filters_1"": 16, ""n_conv_layers"": 2, ""pool_0"": 4, ""pool_1"": 4, ""filters_2"": 32, ""pool_2"": 2, ""filters_3"": 16}",COMPLETE
12,,,,2026-09-18 11:22:38.567307,2026-09-18 11:22:38.601863,0 days 00:00:00.034556,32,16,32.0,,3,4,4,,,,,,,"{""filters_0"": 32, ""filters_1"": 16, ""n_conv_layers"": 3, ""pool_0"": 4, ""pool_1"": 4, ""filters_2"": 32, ""pool_2"": 4, ""filters_3"": 24}",PRUNED
13,0.7850337311974391,265616.0,2661.0,2026-09-18 11:22:38.602247,2026-09-18 11:23:05.171440,0 days 00:00:26.569193,16,16,,,2,4,2,,,0.7850337311974391,265616.0,0.07032861821062576,2661.0,"{""filters_0"": 16, ""filters_1"": 16, ""n_conv_layers"": 2, ""pool_0"": 4, ""pool_1"": 2, ""filters_2"": 16, ""pool_2"": 2, ""filters_3"": 16}",COMPLETE
14,,,,2026-09-18 11:23:05.172746,2026-09-18 11:23:05.208828,0 days 00:00:00.036082,48,16,32.0,,3,4,2,,,,,,,"{""filters_0"": 48, ""filters_1"": 16, ""n_conv_layers"": 3, ""pool_0"": 4, ""pool_1"": 2, ""filters_2"": 32, ""pool_2"": 4, ""filters_3"": 24}",PRUNED
15,0.7321533018795628,265616.0,2661.0,2026-09-18 11:23:05.209193,2026-09-18 11:23:31.832125,0 days 00:00:26.622932,16,16,,,2,4,2,,,0.7321533018795628,265616.0,0.07032861821062576,2661.0,"{""filters_0"": 16, ""filters_1"": 16, ""n_conv_layers"": 2, ""pool_0"": 4, ""pool_1"": 2, ""filters_2"": 16, ""pool_2"": 2, ""filters_3"": 24}",COMPLETE
16,,,,2026-09-18 11:23:31.832642,2026-09-18 11:23:31.881862,0 days 00:00:00.049220,48,16,16.0,,3,2,4,2.0,,,,,,"{""filters_0"": 48, ""filters_1"": 16, ""n_conv_layers"": 3, ""pool_0"": 2, ""pool_1"": 4, ""filters_2"": 16, ""pool_2"": 2, ""filters_3"": 16}",PRUNED
17,0.6157254907007932,1048112.0,3917.0,2026-09-18 11:23:31.882273,2026-09-18 11:24:10.135322,0 days 00:00:38.253049,24,16,,,2,2,2,,,0.6157254907007932,1048112.0,0.27751441438006513,3917.0,"{""filters_0"": 24, ""filters_1"": 16, ""n_conv_layers"": 2, ""pool_0"": 2, ""pool_1"": 2, ""filters_2"": 16, ""pool_2"": 4, ""filters_3"": 16}",COMPLETE
18,0.2192737193247451,3085712.0,5029.0,2026-09-18 11:24:10.135848,2026-09-18 11:24:20.136774,0 days 00:00:10.000926,16,16,16.0,,3,1,2,4.0,,0.2192737193247451,3085712.0,0.8170210422412296,5029.0,"{""filters_0"": 16, ""filters_1"": 16, ""n_conv_layers"": 3, ""pool_0"": 1, ""pool_1"": 2, ""filters_2"": 16, ""pool_2"": 4, ""filters_3"": 16}",COMPLETE
19,0.7486349703326292,7888400.0,7685.0,2026-09-18 11:24:20.137293,2026-09-18 11:25:32.270923,0 days 00:01:12.133630,48,16,,,2,1,1,,,0.7486349703326292,7888400.0,2.08865532156459,7685.0,"{""filters_0"": 48, ""filters_1"": 16, ""n_conv_layers"": 2, ""pool_0"": 1, ""pool_1"": 1, ""filters_2"": 32, ""pool_2"": 4, ""filters_3"": 16}",COMPLETE
20,,,,2026-09-18 11:25:32.272312,2026-09-18 11:25:32.318253,0 days 00:00:00.045941,48,32,32.0,,3,4,4,,,,,,,"{""filters_0"": 48, ""filters_1"": 32, ""n_conv_layers"": 3, ""pool_0"": 4, ""pool_1"": 4, ""filters_2"": 32, ""pool_2"": 1, ""filters_3"": 16}",PRUNED
21,0.24130953071868183,265616.0,2661.0,2026-09-18 11:25:32.318710,2026-09-18 11:25:38.310759,0 days 00:00:05.992049,16,16,,,2,4,2,,,0.24130953071868183,265616.0,0.07032861821062576,2661.0,"{""filters_0"": 16, ""filters_1"": 16, ""n_conv_layers"": 2, ""pool_0"": 4, ""pool_1"": 2, ""filters_2"": 24, ""pool_2"": 4, ""filters_3"": 24}",COMPLETE
22,0.7583874367395731,961464.0,3885.0,2026-09-18 11:25:38.311271,2026-09-18 11:26:08.782542,0 days 00:00:30.471271,16,24,,,2,2,2,,,0.7583874367395731,961464.0,0.254572143919271,3885.0,"{""filters_0"": 16, ""filters_1"": 24, ""n_conv_layers"": 2, ""pool_0"": 2, ""pool_1"": 2, ""filters_2"": 48, ""pool_2"": 4, ""filters_3"": 24}",COMPLETE
23,0.8680018052434353,327864.0,6253.0,2026-09-18 11:26:08.783149,2026-09-18 11:26:35.864747,0 days 00:00:27.081598,16,16,24.0,,3,4,1,2.0,,0.8680018052434353,327864.0,0.08681036564442128,6253.0,"{""filters_0"": 16, ""filters_1"": 16, ""n_conv_layers"": 3, ""pool_0"": 4, ""pool_1"": 1, ""filters_2"": 24, ""pool_2"": 2, ""filters_3"": 16}",COMPLETE
24,0.790454145511905,357856.0,5109.0,2026-09-18 11:26:35.865305,2026-09-18 11:26:59.756566,0 days 00:00:23.891261,16,32,,,2,4,1,,,0.790454145511905,357856.0,0.09475151345695174,5109.0,"{""filters_0"": 16, ""filters_1"": 32, ""n_conv_layers"": 2, ""pool_0"": 4, ""pool_1"": 1, ""filters_2"": 24, ""pool_2"": 2, ""filters_3"": 24}",COMPLETE
25,0.8763528102375394,327864.0,6253.0,2026-09-18 11:26:59.757075,2026-09-18 11:27:31.342524,0 days 00:00:31.585449,16,16,24.0,,3,4,1,2.0,,0.8763528102375394,327864.0,0.08681036564442128,6253.0,"{""filters_0"": 16, ""filters_1"": 16, ""n_conv_layers"": 3, ""pool_0"": 4, ""pool_1"": 1, ""filters_2"": 24, ""pool_2"": 2, ""filters_3"": 24}",COMPLETE
26,0.7221295480644887,265616.0,2661.0,2026-09-18 11:27:31.343331,2026-09-18 11:27:57.912502,0 days 00:00:26.569171,16,16,,,2,4,1,,,0.7221295480644887,265616.0,0.07032861821062576,2661.0,"{""filters_0"": 16, ""filters_1"": 16, ""n_conv_layers"": 2, ""pool_0"": 4, ""pool_1"": 1, ""filters_2"": 24, ""pool_2"": 2, ""filters_3"": 24}",COMPLETE
27,0.772658280555073,1224160.0,5109.0,2026-09-18 11:27:57.913024,2026-09-18 11:28:25.634160,0 days 00:00:27.721136,16,32,,,2,2,1,,,0.772658280555073,1224160.0,0.32412761757092806,5109.0,"{""filters_0"": 16, ""filters_1"": 32, ""n_conv_layers"": 2, ""pool_0"": 2, ""pool_1"": 1, ""filters_2"": 24, ""pool_2"": 2, ""filters_3"": 16}",COMPLETE
28,0.8746720681460879,405048.0,9165.0,2026-09-18 11:28:25.634664,2026-09-18 11:28:52.525640,0 days 00:00:26.890976,16,24,24.0,,3,4,1,2.0,,0.8746720681460879,405048.0,0.10724680045244843,9165.0,"{""filters_0"": 16, ""filters_1"": 24, ""n_conv_layers"": 3, ""pool_0"": 4, ""pool_1"": 1, ""filters_2"": 24, ""pool_2"": 2, ""filters_3"": 24}",COMPLETE
29,0.8518121439430146,536704.0,7517.0,2026-09-18 11:28:52.526142,2026-09-18 11:29:27.704491,0 days 00:00:35.178349,24,32,,,2,4,1,,,0.8518121439430146,536704.0,0.14210608814271614,7517.0,"{""filters_0"": 24, ""filters_1"": 32, ""n_conv_layers"": 2, ""pool_0"": 4, ""pool_1"": 1, ""filters_2"": 24, ""pool_2"": 2, ""filters_3"": 24}",COMPLETE
30,0.8059077741042234,11555256.0,12077.0,2026-09-18 11:29:27.705065,2026-09-18 11:30:43.897420,0 days 00:01:16.192355,16,32,24.0,,3,1,1,2.0,,0.8059077741042234,11555256.0,3.059549076674758,12077.0,"{""filters_0"": 16, ""filters_1"": 32, ""n_conv_layers"": 3, ""pool_0"": 1, ""pool_1"": 1, ""filters_2"": 24, ""pool_2"": 2, ""filters_3"": 24}",COMPLETE
31,0.35033270771222264,327864.0,6253.0,2026-09-18 11:30:43.898962,2026-09-18 11:30:52.050971,0 days 00:00:08.152009,16,16,24.0,,3,4,1,2.0,,0.35033270771222264,327864.0,0.08681036564442128,6253.0,"{""filters_0"": 16, ""filters_1"": 16, ""n_conv_layers"": 3, ""pool_0"": 4, ""pool_1"": 1, ""filters_2"": 24, ""pool_2"": 2, ""filters_3"": 16}",COMPLETE
32,,,,2026-09-18 11:30:52.051497,2026-09-18 11:30:53.711090,0 days 00:00:01.659593,24,16,24.0,24.0,4,4,1,2.0,,,,,,"{""filters_0"": 24, ""filters_1"": 16, ""n_conv_layers"": 4, ""pool_0"": 4, ""pool_1"": 1, ""filters_2"": 24, ""pool_2"": 2, ""filters_3"": 24}",PRUNED
33,0.8457028962567229,6451856.0,9733.0,2026-09-18 11:30:53.711545,2026-09-18 11:31:56.045608,0 days 00:01:02.334063,16,16,24.0,16.0,4,1,1,2.0,2.0,0.8457028962567229,6451856.0,1.7082936170032492,9733.0,"{""filters_0"": 16, ""filters_1"": 16, ""n_conv_layers"": 4, ""pool_0"": 1, ""pool_1"": 1, ""filters_2"": 24, ""pool_2"": 2, ""filters_3"": 16}",COMPLETE
34,0.861509318848179,460632.0,7509.0,2026-09-18 11:31:56.049917,2026-09-18 11:32:36.038019,0 days 00:00:39.988102,24,16,24.0,,3,4,1,2.0,,0.861509318848179,460632.0,0.12196408372837843,7509.0,"{""filters_0"": 24, ""filters_1"": 16, ""n_conv_layers"": 3, ""pool_0"": 4, ""pool_1"": 1, ""filters_2"": 24, ""pool_2"": 2, ""filters_3"": 16, ""pool_3"": 4}",COMPLETE
35,0.7342592343042077,311736.0,3885.0,2026-09-18 11:32:36.038584,2026-09-18 11:33:03.493601,0 days 00:00:27.455017,16,24,,,2,4,4,,,0.7342592343042077,311736.0,0.08254006583378874,3885.0,"{""filters_0"": 16, ""filters_1"": 24, ""n_conv_layers"": 2, ""pool_0"": 4, ""pool_1"": 4, ""filters_2"": 24, ""pool_2"": 4, ""filters_3"": 16, ""pool_3"": 1}",COMPLETE
36,,,,2026-09-18 11:33:03.494078,2026-09-18 11:33:03.531794,0 days 00:00:00.037716,16,16,24.0,,3,4,2,,,,,,,"{""filters_0"": 16, ""filters_1"": 16, ""n_conv_layers"": 3, ""pool_0"": 4, ""pool_1"": 2, ""filters_2"": 24, ""pool_2"": 4, ""filters_3"": 16, ""pool_3"": 1}",PRUNED
37,0.8385351503739169,357856.0,5109.0,2026-09-18 11:33:03.532198,2026-09-18 11:33:25.244582,0 days 00:00:21.712384,16,32,,,2,4,1,,,0.8385351503739169,357856.0,0.09475151345695174,5109.0,"{""filters_0"": 16, ""filters_1"": 32, ""n_conv_layers"": 2, ""pool_0"": 4, ""pool_1"": 1, ""filters_2"": 16, ""pool_2"": 4, ""filters_3"": 16, ""pool_3"": 1}",COMPLETE
38,,,,2026-09-18 11:33:25.245371,2026-09-18 11:33:25.284876,0 days 00:00:00.039505,16,16,32.0,,4,4,2,,,,,,,"{""filters_0"": 16, ""filters_1"": 16, ""n_conv_layers"": 4, ""pool_0"": 4, ""pool_1"": 2, ""filters_2"": 32, ""pool_2"": 4, ""filters_3"": 16, ""pool_3"": 1}",PRUNED
39,,,,2026-09-18 11:33:25.285288,2026-09-18 11:33:25.339954,0 days 00:00:00.054666,16,32,48.0,,3,4,1,4.0,,,,,,"{""filters_0"": 16, ""filters_1"": 32, ""n_conv_layers"": 3, ""pool_0"": 4, ""pool_1"": 1, ""filters_2"": 48, ""pool_2"": 4, ""filters_3"": 16, ""pool_3"": 4}",PRUNED
40,0.28572490908381826,899952.0,14677.0,2026-09-18 11:33:25.340380,2026-09-18 11:33:34.494077,0 days 00:00:09.153697,32,48,,,2,4,1,,,0.28572490908381826,899952.0,0.238285271278421,14677.0,"{""filters_0"": 32, ""filters_1"": 48, ""n_conv_layers"": 2, ""pool_0"": 4, ""pool_1"": 1, ""filters_2"": 16, ""pool_2"": 1, ""filters_3"": 16, ""pool_3"": 4}",COMPLETE
41,0.09833064925643817,2629520.0,2661.0,2026-09-18 11:33:34.494632,2026-09-18 11:33:42.958235,0 days 00:00:08.463603,16,16,,,2,1,4,,,0.09833064925643817,2629520.0,0.6962325618833378,2661.0,"{""filters_0"": 16, ""filters_1"": 16, ""n_conv_layers"": 2, ""pool_0"": 1, ""pool_1"": 4, ""filters_2"": 16, ""pool_2"": 1, ""filters_3"": 16, ""pool_3"": 1}",COMPLETE
42,0.843229841662507,357856.0,5109.0,2026-09-18 11:33:42.958730,2026-09-18 11:34:10.475846,0 days 00:00:27.517116,16,32,,,2,4,2,,,0.843229841662507,357856.0,0.09475151345695174,5109.0,"{""filters_0"": 16, ""filters_1"": 32, ""n_conv_layers"": 2, ""pool_0"": 4, ""pool_1"": 2, ""filters_2"": 16, ""pool_2"": 1, ""filters_3"": 16, ""pool_3"": 1}",COMPLETE
43,,,,2026-09-18 11:34:10.476363,2026-09-18 11:34:10.523988,0 days 00:00:00.047625,32,32,16.0,,3,4,2,,,,,,,"{""filters_0"": 32, ""filters_1"": 32, ""n_conv_layers"": 3, ""pool_0"": 4, ""pool_1"": 2, ""filters_2"": 16, ""pool_2"": 1, ""filters_3"": 16, ""pool_3"": 4}",PRUNED
44,0.8190884355790811,357856.0,5109.0,2026-09-18 11:34:10.524634,2026-09-18 11:34:39.784013,0 days 00:00:29.259379,16,32,,,2,4,2,,,0.8190884355790811,357856.0,0.09475151345695174,5109.0,"{""filters_0"": 16, ""filters_1"": 32, ""n_conv_layers"": 2, ""pool_0"": 4, ""pool_1"": 2, ""filters_2"": 48, ""pool_2"": 1, ""filters_3"": 16, ""pool_3"": 4}",COMPLETE
45,0.2291016980936294,531152.0,5173.0,2026-09-18 11:34:39.785967,2026-09-18 11:34:49.903529,0 days 00:00:10.117562,32,16,,,2,4,2,,,0.2291016980936294,531152.0,0.14063605437854004,5173.0,"{""filters_0"": 32, ""filters_1"": 16, ""n_conv_layers"": 2, ""pool_0"": 4, ""pool_1"": 2, ""filters_2"": 48, ""pool_2"": 1, ""filters_3"": 16, ""pool_3"": 4}",COMPLETE
46,0.15984795984795985,675024.0,11117.0,2026-09-18 11:34:49.904134,2026-09-18 11:34:58.585075,0 days 00:00:08.680941,24,48,,,2,4,2,,,0.15984795984795985,675024.0,0.17872983999084935,11117.0,"{""filters_0"": 24, ""filters_1"": 48, ""n_conv_layers"": 2, ""pool_0"": 4, ""pool_1"": 2, ""filters_2"": 48, ""pool_2"": 1, ""filters_3"": 16, ""pool_3"": 1}",COMPLETE
47,,,,2026-09-18 11:34:58.585817,2026-09-18 11:34:58.626635,0 days 00:00:00.040818,16,32,48.0,,3,4,2,,,,,,,"{""filters_0"": 16, ""filters_1"": 32, ""n_conv_layers"": 3, ""pool_0"": 4, ""pool_1"": 2, ""filters_2"": 48, ""pool_2"": 1, ""filters_3"": 16, ""pool_3"": 4}",PRUNED
48,0.0840758598991754,2629520.0,2661.0,2026-09-18 11:34:58.627106,2026-09-18 11:35:07.413485,0 days 00:00:08.786379,16,16,,,2,1,2,,,0.0840758598991754,2629520.0,0.6962325618833378,2661.0,"{""filters_0"": 16, ""filters_1"": 16, ""n_conv_layers"": 2, ""pool_0"": 1, ""pool_1"": 2, ""filters_2"": 32, ""pool_2"": 1, ""filters_3"": 16, ""pool_3"": 1}",COMPLETE
49,0.22410361916927002,1073248.0,14741.0,2026-09-18 11:35:07.413982,2026-09-18 11:35:25.094438,0 days 00:00:17.680456,48,32,,,2,4,2,,,0.22410361916927002,1073248.0,0.2841698122000093,14741.0,"{""filters_0"": 48, ""filters_1"": 32, ""n_conv_layers"": 2, ""pool_0"": 4, ""pool_1"": 2, ""filters_2"": 32, ""pool_2"": 1, ""filters_3"": 16, ""pool_3"": 1}",COMPLETE
50,0.4559233175954409,1033424.0,23861.0,2026-09-18 11:35:25.095291,2026-09-18 11:35:38.219457,0 days 00:00:13.124166,32,48,16.0,16.0,4,4,1,1.0,1.0,0.4559233175954409,1033424.0,0.2736253913382391,23861.0,"{""filters_0"": 32, ""filters_1"": 48, ""n_conv_layers"": 4, ""pool_0"": 4, ""pool_1"": 1, ""filters_2"": 16, ""pool_2"": 1, ""filters_3"": 16, ""pool_3"": 1}",COMPLETE
51,0.8666128742042828,3511992.0,17901.0,2026-09-18 11:35:38.220017,2026-09-18 11:36:19.640792,0 days 00:00:41.420775,16,48,24.0,,3,2,1,2.0,,0.8666128742042828,3511992.0,0.9298895568293024,17901.0,"{""filters_0"": 16, ""filters_1"": 48, ""n_conv_layers"": 3, ""pool_0"": 2, ""pool_1"": 1, ""filters_2"": 24, ""pool_2"": 2, ""filters_3"": 24, ""pool_3"": 4}",COMPLETE
52,,,,2026-09-18 11:36:19.642636,2026-09-18 11:36:19.706079,0 days 00:00:00.063443,16,16,24.0,24.0,4,4,1,2.0,,,,,,"{""filters_0"": 16, ""filters_1"": 16, ""n_conv_layers"": 4, ""pool_0"": 4, ""pool_1"": 1, ""filters_2"": 24, ""pool_2"": 2, ""filters_3"": 24, ""pool_3"": 4}",PRUNED
53,0.8474232543153593,450096.0,7557.0,2026-09-18 11:36:19.706543,2026-09-18 11:36:47.739704,0 days 00:00:28.033161,16,48,,,2,4,2,,,0.8474232543153593,450096.0,0.11917440870327771,7557.0,"{""filters_0"": 16, ""filters_1"": 48, ""n_conv_layers"": 2, ""pool_0"": 4, ""pool_1"": 2, ""filters_2"": 24, ""pool_2"": 4, ""filters_3"": 32, ""pool_3"": 4}",COMPLETE
54,0.10394222487245744,3857592.0,3885.0,2026-09-18 11:36:47.740223,2026-09-18 11:36:57.649346,0 days 00:00:09.909123,16,24,,,2,1,1,,,0.10394222487245744,3857592.0,1.0213959813428568,3885.0,"{""filters_0"": 16, ""filters_1"": 24, ""n_conv_layers"": 2, ""pool_0"": 1, ""pool_1"": 1, ""filters_2"": 24, ""pool_2"": 1, ""filters_3"": 48, ""pool_3"": 4}",COMPLETE
55,0.8172339414355992,357856.0,5109.0,2026-09-18 11:36:57.649839,2026-09-18 11:37:27.120830,0 days 00:00:29.470991,16,32,,,2,4,4,,,0.8172339414355992,357856.0,0.09475151345695174,5109.0,"{""filters_0"": 16, ""filters_1"": 32, ""n_conv_layers"": 2, ""pool_0"": 4, ""pool_1"": 4, ""filters_2"": 24, ""pool_2"": 1, ""filters_3"": 32, ""pool_3"": 4}",COMPLETE
56,0.16872563972691515,398384.0,3917.0,2026-09-18 11:37:27.122373,2026-09-18 11:37:35.697244,0 days 00:00:08.574871,24,16,,,2,4,2,,,0.16872563972691515,398384.0,0.10548233629458291,3917.0,"{""filters_0"": 24, ""filters_1"": 16, ""n_conv_layers"": 2, ""pool_0"": 4, ""pool_1"": 2, ""filters_2"": 24, ""pool_2"": 4, ""filters_3"": 48, ""pool_3"": 4}",COMPLETE
57,0.3500196132278111,10171168.0,9925.0,2026-09-18 11:37:35.697725,2026-09-18 11:37:53.510154,0 days 00:00:17.812429,32,32,,,2,1,1,,,0.3500196132278111,10171168.0,2.693076437519329,9925.0,"{""filters_0"": 32, ""filters_1"": 32, ""n_conv_layers"": 2, ""pool_0"": 1, ""pool_1"": 1, ""filters_2"": 24, ""pool_2"": 1, ""filters_3"": 48, ""pool_3"": 4}",COMPLETE
58,,,,2026-09-18 11:37:53.510665,2026-09-18 11:37:53.552521,0 days 00:00:00.041856,16,48,24.0,,3,4,4,,,,,,,"{""filters_0"": 16, ""filters_1"": 48, ""n_conv_layers"": 3, ""pool_0"": 4, ""pool_1"": 4, ""filters_2"": 24, ""pool_2"": 1, ""filters_3"": 48, ""pool_3"": 4}",PRUNED
59,0.25736793873493424,5864376.0,6253.0,2026-09-18 11:37:53.552918,2026-09-18 11:38:11.935445,0 days 00:00:18.382527,16,16,24.0,,3,1,1,4.0,,0.25736793873493424,5864376.0,1.5527432863515627,6253.0,"{""filters_0"": 16, ""filters_1"": 16, ""n_conv_layers"": 3, ""pool_0"": 1, ""pool_1"": 1, ""filters_2"": 24, ""pool_2"": 4, ""filters_3"": 48, ""pool_3"": 4}",COMPLETE
60,,,,2026-09-18 11:38:11.935964,2026-09-18 11:38:11.975435,0 days 00:00:00.039471,24,48,32.0,,3,4,2,,,,,,,"{""filters_0"": 24, ""filters_1"": 48, ""n_conv_layers"": 3, ""pool_0"": 4, ""pool_1"": 2, ""filters_2"": 32, ""pool_2"": 1, ""filters_3"": 48, ""pool_3"": 4}",PRUNED
61,0.17305442406051882,311736.0,3885.0,2026-09-18 11:38:11.975909,2026-09-18 11:38:22.351167,0 days 00:00:10.375258,16,24,,,2,4,1,,,0.17305442406051882,311736.0,0.08254006583378874,3885.0,"{""filters_0"": 16, ""filters_1"": 24, ""n_conv_layers"": 2, ""pool_0"": 4, ""pool_1"": 1, ""filters_2"": 24, ""pool_2"": 2, ""filters_3"": 32, ""pool_3"": 4}",COMPLETE
62,0.2234944537327957,1028280.0,16493.0,2026-09-18 11:38:22.351656,2026-09-18 11:38:36.334210,0 days 00:00:13.982554,48,24,24.0,,3,4,1,2.0,,0.2234944537327957,1028280.0,0.27226338599189154,16493.0,"{""filters_0"": 48, ""filters_1"": 24, ""n_conv_layers"": 3, ""pool_0"": 4, ""pool_1"": 1, ""filters_2"": 24, ""pool_2"": 2, ""filters_3"": 32, ""pool_3"": 4}",COMPLETE
63,0.2478859652827464,405048.0,9165.0,2026-09-18 11:38:36.335064,2026-09-18 11:38:45.040726,0 days 00:00:08.705662,16,24,24.0,,3,4,1,2.0,,0.2478859652827464,405048.0,0.10724680045244843,9165.0,"{""filters_0"": 16, ""filters_1"": 24, ""n_conv_layers"": 3, ""pool_0"": 4, ""pool_1"": 1, ""filters_2"": 24, ""pool_2"": 2, ""filters_3"": 48, ""pool_3"": 4}",COMPLETE
64,0.25384853256851475,716664.0,12829.0,2026-09-18 11:38:45.041225,2026-09-18 11:38:55.595567,0 days 00:00:10.554342,32,24,24.0,,3,4,1,2.0,,0.25384853256851475,716664.0,0.18975509322216996,12829.0,"{""filters_0"": 32, ""filters_1"": 24, ""n_conv_layers"": 3, ""pool_0"": 4, ""pool_1"": 1, ""filters_2"": 24, ""pool_2"": 2, ""filters_3"": 32, ""pool_3"": 4}",COMPLETE
65,0.7391251111957431,265616.0,2661.0,2026-09-18 11:38:55.596058,2026-09-18 11:39:22.963451,0 days 00:00:27.367393,16,16,,,2,4,2,,,0.7391251111957431,265616.0,0.07032861821062576,2661.0,"{""filters_0"": 16, ""filters_1"": 16, ""n_conv_layers"": 2, ""pool_0"": 4, ""pool_1"": 2, ""filters_2"": 24, ""pool_2"": 2, ""filters_3"": 32, ""pool_3"": 4}",COMPLETE
66,0.1705945919334392,10638552.0,10997.0,2026-09-18 11:39:22.963957,2026-09-18 11:39:39.626932,0 days 00:00:16.662975,24,24,24.0,,3,1,1,2.0,,0.1705945919334392,10638552.0,2.816828285652555,10997.0,"{""filters_0"": 24, ""filters_1"": 24, ""n_conv_layers"": 3, ""pool_0"": 1, ""pool_1"": 1, ""filters_2"": 24, ""pool_2"": 2, ""filters_3"": 32, ""pool_3"": 4}",COMPLETE
67,0.1435754844977471,2448160.0,9925.0,2026-09-18 11:39:39.627550,2026-09-18 11:39:50.718136,0 days 00:00:11.090586,32,32,,,2,2,2,,,0.1435754844977471,2448160.0,0.6482128710564332,9925.0,"{""filters_0"": 32, ""filters_1"": 32, ""n_conv_layers"": 2, ""pool_0"": 2, ""pool_1"": 2, ""filters_2"": 24, ""pool_2"": 1, ""filters_3"": 32, ""pool_3"": 4}",COMPLETE
