number,values_0,values_1,values_2,datetime_start,datetime_complete,duration,params_filters_0,params_filters_1,params_filters_2,params_filters_3,params_n_conv_layers,params_pool_0,params_pool_1,params_pool_2,params_pool_3,user_attrs_macro_f1,user_attrs_macs,user_attrs_macs_ratio,user_attrs_num_params,system_attrs_tpe:relative_params:0,state
191,,,,2026-09-18 14:20:04.516924,2026-09-18 14:20:04.602715,0 days 00:00:00.085791,24,48,24.0,16.0,4,4,1,2.0,,,,,,"{""filters_0"": 24, ""filters_1"": 48, ""n_conv_layers"": 4, ""pool_0"": 4, ""pool_1"": 1, ""filters_2"": 24, ""pool_2"": 2, ""filters_3"": 16, ""pool_3"": 1}",PRUNED
192,0.22710005536636135,636600.0,17901.0,2026-09-18 14:20:04.603718,2026-09-18 14:20:17.039164,0 days 00:00:12.435446,16,48,24.0,,3,4,1,2.0,,0.22710005536636135,636600.0,0.16855610487652986,17901.0,"{""filters_0"": 16, ""filters_1"": 48, ""n_conv_layers"": 3, ""pool_0"": 4, ""pool_1"": 1, ""filters_2"": 24, ""pool_2"": 2, ""filters_3"": 24, ""pool_3"": 2}",COMPLETE
193,0.8232546896141985,467544.0,5717.0,2026-09-18 14:20:17.039651,2026-09-18 14:20:58.089892,0 days 00:00:41.050241,24,24,,,2,4,1,,,0.8232546896141985,467544.0,0.12379421221864952,5717.0,"{""filters_0"": 24, ""filters_1"": 24, ""n_conv_layers"": 2, ""pool_0"": 4, ""pool_1"": 1, ""filters_2"": 24, ""pool_2"": 2, ""filters_3"": 24, ""pool_3"": 2}",COMPLETE
194,0.878855951309655,22779600.0,32141.0,2026-09-18 14:20:58.092511,2026-09-18 14:23:12.267472,0 days 00:02:14.174961,24,48,24.0,48.0,4,1,1,2.0,2.0,0.878855951309655,22779600.0,6.031480751877788,32141.0,"{""filters_0"": 24, ""filters_1"": 48, ""n_conv_layers"": 4, ""pool_0"": 1, ""pool_1"": 1, ""filters_2"": 24, ""pool_2"": 2, ""filters_3"": 48, ""pool_3"": 2}",COMPLETE
195,0.09635610293655675,698768.0,2661.0,2026-09-18 14:23:12.269346,2026-09-18 14:23:22.170526,0 days 00:00:09.901180,16,16,,,2,2,4,,,0.09635610293655675,698768.0,0.18501667026761393,2661.0,"{""filters_0"": 16, ""filters_1"": 16, ""n_conv_layers"": 2, ""pool_0"": 2, ""pool_1"": 4, ""filters_2"": 16, ""pool_2"": 2, ""filters_3"": 24, ""pool_3"": 1}",COMPLETE
196,0.23603797023517142,373904.0,7365.0,2026-09-18 14:23:22.172299,2026-09-18 14:23:34.239925,0 days 00:00:12.067626,16,24,16.0,,3,4,1,2.0,,0.23603797023517142,373904.0,0.0990006312248728,7365.0,"{""filters_0"": 16, ""filters_1"": 24, ""n_conv_layers"": 3, ""pool_0"": 4, ""pool_1"": 1, ""filters_2"": 16, ""pool_2"": 2, ""filters_3"": 24, ""pool_3"": 1}",COMPLETE
197,0.8791852279425834,675024.0,11117.0,2026-09-18 14:23:34.240449,2026-09-18 14:24:15.691578,0 days 00:00:41.451129,24,48,,,2,4,1,,,0.8791852279425834,675024.0,0.17872983999084935,11117.0,"{""filters_0"": 24, ""filters_1"": 48, ""n_conv_layers"": 2, ""pool_0"": 4, ""pool_1"": 1, ""filters_2"": 24, ""pool_2"": 2, ""filters_3"": 24, ""pool_3"": 1}",COMPLETE
198,0.3621251705388944,726456.0,28397.0,2026-09-18 14:24:15.693407,2026-09-18 14:24:32.701152,0 days 00:00:17.007745,16,48,32.0,24.0,4,4,1,1.0,1.0,0.3621251705388944,726456.0,0.192347775250054,28397.0,"{""filters_0"": 16, ""filters_1"": 48, ""n_conv_layers"": 4, ""pool_0"": 4, ""pool_1"": 1, ""filters_2"": 32, ""pool_2"": 1, ""filters_3"": 24, ""pool_3"": 1}",COMPLETE
199,0.8723003022042451,675024.0,11117.0,2026-09-18 14:24:32.703314,2026-09-18 14:25:14.148273,0 days 00:00:41.444959,24,48,,,2,4,1,,,0.8723003022042451,675024.0,0.17872983999084935,11117.0,"{""filters_0"": 24, ""filters_1"": 48, ""n_conv_layers"": 2, ""pool_0"": 4, ""pool_1"": 1, ""filters_2"": 48, ""pool_2"": 4, ""filters_3"": 24, ""pool_3"": 2}",COMPLETE
200,0.826420359772924,2624208.0,11117.0,2026-09-18 14:25:14.150592,2026-09-18 14:26:03.505368,0 days 00:00:49.354776,24,48,,,2,2,1,,,0.826420359772924,2624208.0,0.6948260742472961,11117.0,"{""filters_0"": 24, ""filters_1"": 48, ""n_conv_layers"": 2, ""pool_0"": 2, ""pool_1"": 1, ""filters_2"": 48, ""pool_2"": 4, ""filters_3"": 48, ""pool_3"": 2}",COMPLETE
201,0.19019703912325586,327864.0,6253.0,2026-09-18 14:26:03.506328,2026-09-18 14:26:16.978483,0 days 00:00:13.472155,16,16,24.0,,3,4,1,2.0,,0.19019703912325586,327864.0,0.08681036564442128,6253.0,"{""filters_0"": 16, ""filters_1"": 16, ""n_conv_layers"": 3, ""pool_0"": 4, ""pool_1"": 1, ""filters_2"": 24, ""pool_2"": 2, ""filters_3"": 48, ""pool_3"": 2}",COMPLETE
202,0.8571875886548653,675024.0,11117.0,2026-09-18 14:26:16.979035,2026-09-18 14:26:57.398009,0 days 00:00:40.418974,24,48,,,2,4,1,,,0.8571875886548653,675024.0,0.17872983999084935,11117.0,"{""filters_0"": 24, ""filters_1"": 48, ""n_conv_layers"": 2, ""pool_0"": 4, ""pool_1"": 1, ""filters_2"": 24, ""pool_2"": 2, ""filters_3"": 24, ""pool_3"": 2}",COMPLETE
203,0.1872930866209929,675024.0,11117.0,2026-09-18 14:26:57.399677,2026-09-18 14:27:08.627810,0 days 00:00:11.228133,24,48,,,2,4,4,,,0.1872930866209929,675024.0,0.17872983999084935,11117.0,"{""filters_0"": 24, ""filters_1"": 48, ""n_conv_layers"": 2, ""pool_0"": 4, ""pool_1"": 4, ""filters_2"": 24, ""pool_2"": 2, ""filters_3"": 32, ""pool_3"": 1}",COMPLETE
204,0.33227499567585833,861528.0,21461.0,2026-09-18 14:27:08.628333,2026-09-18 14:27:22.500173,0 days 00:00:13.871840,24,48,24.0,,3,4,1,2.0,,0.33227499567585833,861528.0,0.2281115361641015,21461.0,"{""filters_0"": 24, ""filters_1"": 48, ""n_conv_layers"": 3, ""pool_0"": 4, ""pool_1"": 1, ""filters_2"": 24, ""pool_2"": 2, ""filters_3"": 24, ""pool_3"": 2}",COMPLETE
205,,,,2026-09-18 14:27:22.500703,2026-09-18 14:27:22.561101,0 days 00:00:00.060398,16,48,24.0,,4,4,2,,,,,,,"{""filters_0"": 16, ""filters_1"": 48, ""n_conv_layers"": 4, ""pool_0"": 4, ""pool_1"": 2, ""filters_2"": 24, ""pool_2"": 2, ""filters_3"": 24, ""pool_3"": 1}",PRUNED
206,0.7037905821181225,7541808.0,7557.0,2026-09-18 14:27:22.561582,2026-09-18 14:28:42.194657,0 days 00:01:19.633075,16,48,,,2,1,1,,,0.7037905821181225,7541808.0,1.9968862397214138,7557.0,"{""filters_0"": 16, ""filters_1"": 48, ""n_conv_layers"": 2, ""pool_0"": 1, ""pool_1"": 1, ""filters_2"": 48, ""pool_2"": 2, ""filters_3"": 48, ""pool_3"": 1}",COMPLETE
207,0.11036556322369111,8205360.0,28485.0,2026-09-18 14:28:42.196302,2026-09-18 14:29:03.175443,0 days 00:00:20.979141,16,48,48.0,,3,1,4,2.0,,0.11036556322369111,8205360.0,2.172578574787438,28485.0,"{""filters_0"": 16, ""filters_1"": 48, ""n_conv_layers"": 3, ""pool_0"": 1, ""pool_1"": 4, ""filters_2"": 48, ""pool_2"": 2, ""filters_3"": 24, ""pool_3"": 2}",COMPLETE
208,0.3468295677639546,839928.0,16893.0,2026-09-18 14:29:03.176338,2026-09-18 14:29:19.030508,0 days 00:00:15.854170,32,32,24.0,,3,4,1,2.0,,0.3468295677639546,839928.0,0.22239238463200436,16893.0,"{""filters_0"": 32, ""filters_1"": 32, ""n_conv_layers"": 3, ""pool_0"": 4, ""pool_1"": 1, ""filters_2"": 24, ""pool_2"": 2, ""filters_3"": 48, ""pool_3"": 2}",COMPLETE
209,0.85927815243741,327864.0,6253.0,2026-09-18 14:29:19.031392,2026-09-18 14:29:55.944559,0 days 00:00:36.913167,16,16,24.0,,3,4,1,2.0,,0.85927815243741,327864.0,0.08681036564442128,6253.0,"{""filters_0"": 16, ""filters_1"": 16, ""n_conv_layers"": 3, ""pool_0"": 4, ""pool_1"": 1, ""filters_2"": 24, ""pool_2"": 2, ""filters_3"": 24, ""pool_3"": 2}",COMPLETE
210,0.8903798999866007,11644248.0,21461.0,2026-09-18 14:29:55.945572,2026-09-18 14:31:34.011370,0 days 00:01:38.065798,24,48,24.0,,3,1,4,2.0,,0.8903798999866007,11644248.0,3.0831119809869985,21461.0,"{""filters_0"": 24, ""filters_1"": 48, ""n_conv_layers"": 3, ""pool_0"": 1, ""pool_1"": 4, ""filters_2"": 24, ""pool_2"": 2, ""filters_3"": 16, ""pool_3"": 1}",COMPLETE
211,0.2390808353665621,11644248.0,21461.0,2026-09-18 14:31:34.013227,2026-09-18 14:32:03.802666,0 days 00:00:29.789439,24,48,24.0,,3,1,4,2.0,,0.2390808353665621,11644248.0,3.0831119809869985,21461.0,"{""filters_0"": 24, ""filters_1"": 48, ""n_conv_layers"": 3, ""pool_0"": 1, ""pool_1"": 4, ""filters_2"": 24, ""pool_2"": 2, ""filters_3"": 24, ""pool_3"": 1}",COMPLETE
212,0.8647398395346183,3889888.0,23573.0,2026-09-18 14:32:03.803251,2026-09-18 14:33:26.864455,0 days 00:01:23.061204,48,24,24.0,32.0,4,2,1,2.0,1.0,0.8647398395346183,3889888.0,1.0299471719854776,23573.0,"{""filters_0"": 48, ""filters_1"": 24, ""n_conv_layers"": 4, ""pool_0"": 2, ""pool_1"": 1, ""filters_2"": 24, ""pool_2"": 2, ""filters_3"": 32, ""pool_3"": 1}",COMPLETE
213,0.3187450401045379,2067960.0,12829.0,2026-09-18 14:33:26.866101,2026-09-18 14:33:42.624766,0 days 00:00:15.758665,32,24,24.0,,3,2,2,2.0,,0.3187450401045379,2067960.0,0.5475452130701677,12829.0,"{""filters_0"": 32, ""filters_1"": 24, ""n_conv_layers"": 3, ""pool_0"": 2, ""pool_1"": 2, ""filters_2"": 24, ""pool_2"": 2, ""filters_3"": 24, ""pool_3"": 4}",COMPLETE
214,0.8182162605971224,9594552.0,17901.0,2026-09-18 14:33:42.625655,2026-09-18 14:35:03.503667,0 days 00:01:20.878012,16,48,24.0,,3,1,2,4.0,,0.8182162605971224,9594552.0,2.54040262826786,17901.0,"{""filters_0"": 16, ""filters_1"": 48, ""n_conv_layers"": 3, ""pool_0"": 1, ""pool_1"": 2, ""filters_2"": 24, ""pool_2"": 4, ""filters_3"": 48, ""pool_3"": 4}",COMPLETE
215,0.15972473778896198,11644248.0,21461.0,2026-09-18 14:35:03.505250,2026-09-18 14:35:45.041093,0 days 00:00:41.535843,24,48,24.0,,3,1,4,2.0,,0.15972473778896198,11644248.0,3.0831119809869985,21461.0,"{""filters_0"": 24, ""filters_1"": 48, ""n_conv_layers"": 3, ""pool_0"": 1, ""pool_1"": 4, ""filters_2"": 24, ""pool_2"": 2, ""filters_3"": 48, ""pool_3"": 4}",COMPLETE
216,0.18801311674594354,3865656.0,21709.0,2026-09-18 14:35:45.042760,2026-09-18 14:36:03.915330,0 days 00:00:18.872570,48,32,24.0,,3,2,2,2.0,,0.18801311674594354,3865656.0,1.023531131248173,21709.0,"{""filters_0"": 48, ""filters_1"": 32, ""n_conv_layers"": 3, ""pool_0"": 2, ""pool_1"": 2, ""filters_2"": 24, ""pool_2"": 2, ""filters_3"": 48, ""pool_3"": 4}",COMPLETE
217,0.186713109423397,357856.0,5109.0,2026-09-18 14:36:03.915898,2026-09-18 14:36:13.664486,0 days 00:00:09.748588,16,32,,,2,4,1,,,0.186713109423397,357856.0,0.09475151345695174,5109.0,"{""filters_0"": 16, ""filters_1"": 32, ""n_conv_layers"": 2, ""pool_0"": 4, ""pool_1"": 1, ""filters_2"": 24, ""pool_2"": 2, ""filters_3"": 16, ""pool_3"": 4}",COMPLETE
218,0.34499561015378744,1749552.0,7557.0,2026-09-18 14:36:13.665000,2026-09-18 14:36:28.537273,0 days 00:00:14.872273,16,48,,,2,2,1,,,0.34499561015378744,1749552.0,0.4632385648742422,7557.0,"{""filters_0"": 16, ""filters_1"": 48, ""n_conv_layers"": 2, ""pool_0"": 2, ""pool_1"": 1, ""filters_2"": 24, ""pool_2"": 2, ""filters_3"": 48, ""pool_3"": 4}",COMPLETE
219,0.26783986792890757,14329968.0,23509.0,2026-09-18 14:36:28.548798,2026-09-18 14:36:59.745497,0 days 00:00:31.196699,32,24,24.0,48.0,4,1,1,2.0,4.0,0.26783986792890757,14329968.0,3.7942249278751445,23509.0,"{""filters_0"": 32, ""filters_1"": 24, ""n_conv_layers"": 4, ""pool_0"": 1, ""pool_1"": 1, ""filters_2"": 24, ""pool_2"": 2, ""filters_3"": 48, ""pool_3"": 4}",COMPLETE
