number,value,datetime_start,datetime_complete,duration,params_alpha,params_conv_filters,params_dense_units,params_initial_lr,user_attrs_param_count,system_attrs_tpe:relative_params:0,state
156,0.8013937473297119,2026-09-07 15:54:50.761349,2026-09-07 15:55:31.140793,0 days 00:00:40.379444,0.005131201242111992,24,32,0.00010002574796120471,253949,"{""alpha"": 0.005131201242111992, ""conv_filters"": 24, ""dense_units"": 32, ""initial_lr"": 0.00010002574796120471}",COMPLETE
157,0.8048780560493469,2026-09-07 15:55:31.141341,2026-09-07 15:56:18.579331,0 days 00:00:47.437990,0.00316068052545045,32,64,0.0002667497025064995,158501,"{""alpha"": 0.00316068052545045, ""conv_filters"": 32, ""dense_units"": 64, ""initial_lr"": 0.0002667497025064995}",COMPLETE
158,0.7909407615661621,2026-09-07 15:56:18.579890,2026-09-07 15:56:50.087313,0 days 00:00:31.507423,0.002366196988479519,24,32,0.00019055485254272612,253949,"{""alpha"": 0.002366196988479519, ""conv_filters"": 24, ""dense_units"": 32, ""initial_lr"": 0.00019055485254272612}",COMPLETE
159,0.7900696992874146,2026-09-07 15:56:50.087824,2026-09-07 15:57:14.373896,0 days 00:00:24.286072,0.005120353984084742,16,32,0.00011574356836335965,169365,"{""alpha"": 0.005120353984084742, ""conv_filters"": 16, ""dense_units"": 32, ""initial_lr"": 0.00011574356836335965}",COMPLETE
160,0.8005226254463196,2026-09-07 15:57:14.374454,2026-09-07 15:58:02.103964,0 days 00:00:47.729510,0.001736630595004216,32,64,0.00026237819438386514,158501,"{""alpha"": 0.001736630595004216, ""conv_filters"": 32, ""dense_units"": 64, ""initial_lr"": 0.00026237819438386514}",COMPLETE
161,0.7543553709983826,2026-09-07 15:58:02.104703,2026-09-07 15:58:38.325760,0 days 00:00:36.221057,0.002199755920977334,24,32,0.00016215773973449722,253949,"{""alpha"": 0.002199755920977334, ""conv_filters"": 24, ""dense_units"": 32, ""initial_lr"": 0.00016215773973449722}",COMPLETE
162,0.7717769742012024,2026-09-07 15:58:38.326291,2026-09-07 15:59:18.666072,0 days 00:00:40.339781,0.0033955962667233893,24,64,0.00011473121215602289,118973,"{""alpha"": 0.0033955962667233893, ""conv_filters"": 24, ""dense_units"": 64, ""initial_lr"": 0.00011473121215602289}",COMPLETE
163,0.7952961921691895,2026-09-07 15:59:18.666602,2026-09-07 15:59:59.111182,0 days 00:00:40.444580,0.0034589647477167207,24,32,0.0001387462568969217,253949,"{""alpha"": 0.0034589647477167207, ""conv_filters"": 24, ""dense_units"": 32, ""initial_lr"": 0.0001387462568969217}",COMPLETE
164,0.8188153505325317,2026-09-07 15:59:59.112047,2026-09-07 16:00:46.640074,0 days 00:00:47.528027,0.0023696462572531654,32,64,0.0003280592245290605,158501,"{""alpha"": 0.0023696462572531654, ""conv_filters"": 32, ""dense_units"": 64, ""initial_lr"": 0.0003280592245290605}",COMPLETE
165,0.815330982208252,2026-09-07 16:00:46.640669,2026-09-07 16:01:12.778034,0 days 00:00:26.137365,0.002093316500122963,16,32,0.00013961438033169432,169365,"{""alpha"": 0.002093316500122963, ""conv_filters"": 16, ""dense_units"": 32, ""initial_lr"": 0.00013961438033169432}",COMPLETE
166,0.815330982208252,2026-09-07 16:01:12.778590,2026-09-07 16:01:57.844008,0 days 00:00:45.065418,0.0024778944055020473,32,64,0.00034844749170089104,158501,"{""alpha"": 0.0024778944055020473, ""conv_filters"": 32, ""dense_units"": 64, ""initial_lr"": 0.00034844749170089104}",COMPLETE
167,0.4451219439506531,2026-09-07 16:01:57.844572,2026-09-07 16:02:38.007098,0 days 00:00:40.162526,0.002354651425428523,32,8,0.0003334828529421595,84949,"{""alpha"": 0.002354651425428523, ""conv_filters"": 32, ""dense_units"": 8, ""initial_lr"": 0.0003334828529421595}",COMPLETE
168,0.7726480960845947,2026-09-07 16:02:38.007731,2026-09-07 16:03:08.918736,0 days 00:00:30.911005,0.0017741659688066016,16,32,0.00016226555370646689,169365,"{""alpha"": 0.0017741659688066016, ""conv_filters"": 16, ""dense_units"": 32, ""initial_lr"": 0.00016226555370646689}",COMPLETE
169,0.7621951103210449,2026-09-07 16:03:08.919302,2026-09-07 16:03:49.512554,0 days 00:00:40.593252,0.004403201956159325,24,64,0.00010927072606806495,118973,"{""alpha"": 0.004403201956159325, ""conv_filters"": 24, ""dense_units"": 64, ""initial_lr"": 0.00010927072606806495}",COMPLETE
170,0.8118466734886169,2026-09-07 16:03:49.513177,2026-09-07 16:04:37.505284,0 days 00:00:47.992107,0.0027417374649363105,32,64,0.00032830453311943317,158501,"{""alpha"": 0.0027417374649363105, ""conv_filters"": 32, ""dense_units"": 64, ""initial_lr"": 0.00032830453311943317}",COMPLETE
171,0.8013937473297119,2026-09-07 16:04:37.505841,2026-09-07 16:05:25.258473,0 days 00:00:47.752632,0.0025543822384020485,32,64,0.0003070429270265715,158501,"{""alpha"": 0.0025543822384020485, ""conv_filters"": 32, ""dense_units"": 64, ""initial_lr"": 0.0003070429270265715}",COMPLETE
172,0.7369338274002075,2026-09-07 16:05:25.259095,2026-09-07 16:06:01.187272,0 days 00:00:35.928177,0.002511210061696135,24,16,0.0002952685571869854,127133,"{""alpha"": 0.002511210061696135, ""conv_filters"": 24, ""dense_units"": 16, ""initial_lr"": 0.0002952685571869854}",COMPLETE
173,0.7813588976860046,2026-09-07 16:06:01.189009,2026-09-07 16:06:41.940869,0 days 00:00:40.751860,0.005559260034839916,24,32,0.00012508353935590424,253949,"{""alpha"": 0.005559260034839916, ""conv_filters"": 24, ""dense_units"": 32, ""initial_lr"": 0.00012508353935590424}",COMPLETE
174,0.799651563167572,2026-09-07 16:06:41.941894,2026-09-07 16:07:29.949380,0 days 00:00:48.007486,0.0023022392879599764,32,64,0.00022005233456777825,158501,"{""alpha"": 0.0023022392879599764, ""conv_filters"": 32, ""dense_units"": 64, ""initial_lr"": 0.00022005233456777825}",COMPLETE
175,0.7900696992874146,2026-09-07 16:07:29.950300,2026-09-07 16:07:50.036650,0 days 00:00:20.086350,0.0029191605295654944,16,32,0.00026939216800019234,169365,"{""alpha"": 0.0029191605295654944, ""conv_filters"": 16, ""dense_units"": 32, ""initial_lr"": 0.00026939216800019234}",COMPLETE
176,0.792682945728302,2026-09-07 16:07:50.037187,2026-09-07 16:08:37.696317,0 days 00:00:47.659130,0.0037467927607666997,32,64,0.00034401657267596713,158501,"{""alpha"": 0.0037467927607666997, ""conv_filters"": 32, ""dense_units"": 64, ""initial_lr"": 0.00034401657267596713}",COMPLETE
177,0.7979093790054321,2026-09-07 16:08:37.696864,2026-09-07 16:09:08.543311,0 days 00:00:30.846447,0.0027139217172070683,16,32,0.00013343343877143617,169365,"{""alpha"": 0.0027139217172070683, ""conv_filters"": 16, ""dense_units"": 32, ""initial_lr"": 0.00013343343877143617}",COMPLETE
178,0.792682945728302,2026-09-07 16:09:08.543885,2026-09-07 16:09:56.216040,0 days 00:00:47.672155,0.0037543961853572297,32,64,0.0004240985695383314,158501,"{""alpha"": 0.0037543961853572297, ""conv_filters"": 32, ""dense_units"": 64, ""initial_lr"": 0.0004240985695383314}",COMPLETE
179,0.8040069937705994,2026-09-07 16:09:56.216584,2026-09-07 16:10:26.947542,0 days 00:00:30.730958,0.0012289711258526446,16,32,0.00015445842393573808,169365,"{""alpha"": 0.0012289711258526446, ""conv_filters"": 16, ""dense_units"": 32, ""initial_lr"": 0.00015445842393573808}",COMPLETE
180,0.8057491183280945,2026-09-07 16:10:26.948056,2026-09-07 16:10:55.022424,0 days 00:00:28.074368,0.002136762260477221,16,32,0.00020370160282158354,169365,"{""alpha"": 0.002136762260477221, ""conv_filters"": 16, ""dense_units"": 32, ""initial_lr"": 0.00020370160282158354}",COMPLETE
181,0.7761324048042297,2026-09-07 16:10:55.022962,2026-09-07 16:11:34.079398,0 days 00:00:39.056436,0.0031523022120045928,32,64,0.00033725212112943674,158501,"{""alpha"": 0.0031523022120045928, ""conv_filters"": 32, ""dense_units"": 64, ""initial_lr"": 0.00033725212112943674}",COMPLETE
182,0.7656794190406799,2026-09-07 16:11:34.080092,2026-09-07 16:12:04.936754,0 days 00:00:30.856662,0.002357267815902741,16,48,0.00012893376580109996,59637,"{""alpha"": 0.002357267815902741, ""conv_filters"": 16, ""dense_units"": 48, ""initial_lr"": 0.00012893376580109996}",COMPLETE
183,0.6768292784690857,2026-09-07 16:12:04.937281,2026-09-07 16:13:02.305893,0 days 00:00:57.368612,0.0036203594462152072,64,32,0.0001653758181224659,676869,"{""alpha"": 0.0036203594462152072, ""conv_filters"": 64, ""dense_units"": 32, ""initial_lr"": 0.0001653758181224659}",COMPLETE
184,0.8048780560493469,2026-09-07 16:13:02.306768,2026-09-07 16:13:42.939884,0 days 00:00:40.633116,0.00467288533751214,24,32,0.00018792800625322726,253949,"{""alpha"": 0.00467288533751214, ""conv_filters"": 24, ""dense_units"": 32, ""initial_lr"": 0.00018792800625322726}",COMPLETE
185,0.815330982208252,2026-09-07 16:13:42.940410,2026-09-07 16:14:22.790167,0 days 00:00:39.849757,0.006072404366095491,24,32,0.00018000301116577529,253949,"{""alpha"": 0.006072404366095491, ""conv_filters"": 24, ""dense_units"": 32, ""initial_lr"": 0.00018000301116577529}",COMPLETE
186,0.7891985774040222,2026-09-07 16:14:22.790698,2026-09-07 16:14:53.579506,0 days 00:00:30.788808,0.0019822689514207956,16,32,0.00012871023032998136,169365,"{""alpha"": 0.0019822689514207956, ""conv_filters"": 16, ""dense_units"": 32, ""initial_lr"": 0.00012871023032998136}",COMPLETE
187,0.8013937473297119,2026-09-07 16:14:53.580029,2026-09-07 16:15:41.077301,0 days 00:00:47.497272,0.0026104944359526985,32,64,0.00034579855654445047,158501,"{""alpha"": 0.0026104944359526985, ""conv_filters"": 32, ""dense_units"": 64, ""initial_lr"": 0.00034579855654445047}",COMPLETE
188,0.7543553709983826,2026-09-07 16:15:41.077796,2026-09-07 16:16:07.864275,0 days 00:00:26.786479,0.003350011807619767,16,16,0.00016656129632630265,84789,"{""alpha"": 0.003350011807619767, ""conv_filters"": 16, ""dense_units"": 16, ""initial_lr"": 0.00016656129632630265}",COMPLETE
189,0.8040069937705994,2026-09-07 16:16:07.864883,2026-09-07 16:16:55.212589,0 days 00:00:47.347706,0.004149778449753572,32,64,0.00025215741910758455,158501,"{""alpha"": 0.004149778449753572, ""conv_filters"": 32, ""dense_units"": 64, ""initial_lr"": 0.00025215741910758455}",COMPLETE
190,0.47560974955558777,2026-09-07 16:16:55.213099,2026-09-07 16:17:24.258391,0 days 00:00:29.045292,0.0025553697256393633,48,32,0.0003313929911328268,507701,"{""alpha"": 0.0025553697256393633, ""conv_filters"": 48, ""dense_units"": 32, ""initial_lr"": 0.0003313929911328268}",COMPLETE
191,0.792682945728302,2026-09-07 16:17:24.259047,2026-09-07 16:17:58.601313,0 days 00:00:34.342266,0.0021748716390246653,32,64,0.0004540955106263334,158501,"{""alpha"": 0.0021748716390246653, ""conv_filters"": 32, ""dense_units"": 64, ""initial_lr"": 0.0004540955106263334}",COMPLETE
192,0.799651563167572,2026-09-07 16:17:58.601809,2026-09-07 16:18:39.077077,0 days 00:00:40.475268,0.006638114081547694,24,32,0.0001873662765607576,253949,"{""alpha"": 0.006638114081547694, ""conv_filters"": 24, ""dense_units"": 32, ""initial_lr"": 0.0001873662765607576}",COMPLETE
193,0.8092334270477295,2026-09-07 16:18:39.077597,2026-09-07 16:19:09.378279,0 days 00:00:30.300682,0.004708693033603886,16,32,0.00013455196602792498,169365,"{""alpha"": 0.004708693033603886, ""conv_filters"": 16, ""dense_units"": 32, ""initial_lr"": 0.00013455196602792498}",COMPLETE
194,0.799651563167572,2026-09-07 16:19:09.379122,2026-09-07 16:19:39.942135,0 days 00:00:30.563013,0.009582530848751032,16,32,0.00026317973462419237,169365,"{""alpha"": 0.009582530848751032, ""conv_filters"": 16, ""dense_units"": 32, ""initial_lr"": 0.00026317973462419237}",COMPLETE
195,0.7552264928817749,2026-09-07 16:19:39.942680,2026-09-07 16:20:10.743171,0 days 00:00:30.800491,0.002896923795790981,16,48,0.00015888173907862557,59637,"{""alpha"": 0.002896923795790981, ""conv_filters"": 16, ""dense_units"": 48, ""initial_lr"": 0.00015888173907862557}",COMPLETE
196,0.8118466734886169,2026-09-07 16:20:10.743678,2026-09-07 16:20:51.314868,0 days 00:00:40.571190,0.007880676076738547,24,32,0.0001758901565189106,253949,"{""alpha"": 0.007880676076738547, ""conv_filters"": 24, ""dense_units"": 32, ""initial_lr"": 0.0001758901565189106}",COMPLETE
197,0.803135871887207,2026-09-07 16:20:51.315376,2026-09-07 16:21:22.469568,0 days 00:00:31.154192,0.0032286220791923697,16,32,0.00014379749455186388,169365,"{""alpha"": 0.0032286220791923697, ""conv_filters"": 16, ""dense_units"": 32, ""initial_lr"": 0.00014379749455186388}",COMPLETE
198,0.8057491183280945,2026-09-07 16:21:22.470187,2026-09-07 16:21:59.893722,0 days 00:00:37.423535,0.007363479153763481,24,32,0.00014241063023425377,253949,"{""alpha"": 0.007363479153763481, ""conv_filters"": 24, ""dense_units"": 32, ""initial_lr"": 0.00014241063023425377}",COMPLETE
199,0.7952961921691895,2026-09-07 16:21:59.894293,2026-09-07 16:22:41.364125,0 days 00:00:41.469832,0.0022084149733743574,24,32,0.0003097604284826848,253949,"{""alpha"": 0.0022084149733743574, ""conv_filters"": 24, ""dense_units"": 32, ""initial_lr"": 0.0003097604284826848}",COMPLETE
200,0.7813588976860046,2026-09-07 16:22:41.364657,2026-09-07 16:23:20.376559,0 days 00:00:39.011902,0.005654213189792486,24,64,0.0001972208613042527,118973,"{""alpha"": 0.005654213189792486, ""conv_filters"": 24, ""dense_units"": 64, ""initial_lr"": 0.0001972208613042527}",COMPLETE
201,0.8127177953720093,2026-09-07 16:23:20.378219,2026-09-07 16:24:09.538629,0 days 00:00:49.160410,0.0032501437738670495,32,32,0.0001778703274747353,338533,"{""alpha"": 0.0032501437738670495, ""conv_filters"": 32, ""dense_units"": 32, ""initial_lr"": 0.0001778703274747353}",COMPLETE
202,0.796167254447937,2026-09-07 16:24:09.539219,2026-09-07 16:24:36.088997,0 days 00:00:26.549778,0.005601550958003869,24,32,0.0001693603581375118,253949,"{""alpha"": 0.005601550958003869, ""conv_filters"": 24, ""dense_units"": 32, ""initial_lr"": 0.0001693603581375118}",COMPLETE
203,0.7987805008888245,2026-09-07 16:24:36.089582,2026-09-07 16:25:07.008639,0 days 00:00:30.919057,0.002355140914700514,16,32,0.00014922299017341918,169365,"{""alpha"": 0.002355140914700514, ""conv_filters"": 16, ""dense_units"": 32, ""initial_lr"": 0.00014922299017341918}",COMPLETE
204,0.7081881761550903,2026-09-07 16:25:07.009162,2026-09-07 16:25:55.297186,0 days 00:00:48.288024,0.004076000272570163,32,32,0.00020612347858281352,338533,"{""alpha"": 0.004076000272570163, ""conv_filters"": 32, ""dense_units"": 32, ""initial_lr"": 0.00020612347858281352}",COMPLETE
205,0.806620180606842,2026-09-07 16:25:55.297760,2026-09-07 16:26:27.948514,0 days 00:00:32.650754,0.005144813879963874,24,32,0.00023074413134934444,253949,"{""alpha"": 0.005144813879963874, ""conv_filters"": 24, ""dense_units"": 32, ""initial_lr"": 0.00023074413134934444}",COMPLETE
206,0.796167254447937,2026-09-07 16:26:27.949018,2026-09-07 16:27:08.550704,0 days 00:00:40.601686,0.00886049690264986,24,32,0.00017665876848742718,253949,"{""alpha"": 0.00886049690264986, ""conv_filters"": 24, ""dense_units"": 32, ""initial_lr"": 0.00017665876848742718}",COMPLETE
207,0.792682945728302,2026-09-07 16:27:08.551209,2026-09-07 16:27:39.337787,0 days 00:00:30.786578,0.008874733939961722,16,32,0.00023404922218546182,169365,"{""alpha"": 0.008874733939961722, ""conv_filters"": 16, ""dense_units"": 32, ""initial_lr"": 0.00023404922218546182}",COMPLETE
208,0.8074913024902344,2026-09-07 16:27:39.338322,2026-09-07 16:28:09.751760,0 days 00:00:30.413438,0.0031395262710246083,16,32,0.0001802463335283638,169365,"{""alpha"": 0.0031395262710246083, ""conv_filters"": 16, ""dense_units"": 32, ""initial_lr"": 0.0001802463335283638}",COMPLETE
209,0.7944250702857971,2026-09-07 16:28:09.752289,2026-09-07 16:28:50.195032,0 days 00:00:40.442743,0.004179873350457787,24,32,0.00016109106613533536,253949,"{""alpha"": 0.004179873350457787, ""conv_filters"": 24, ""dense_units"": 32, ""initial_lr"": 0.00016109106613533536}",COMPLETE
210,0.7822299599647522,2026-09-07 16:28:50.195575,2026-09-07 16:29:19.615503,0 days 00:00:29.419928,0.004604249594269973,16,32,0.00193188570516592,169365,"{""alpha"": 0.004604249594269973, ""conv_filters"": 16, ""dense_units"": 32, ""initial_lr"": 0.00193188570516592}",COMPLETE
211,0.650696873664856,2026-09-07 16:29:19.616057,2026-09-07 16:30:06.789356,0 days 00:00:47.173299,0.0016689501688662602,32,32,0.0003364063282359587,338533,"{""alpha"": 0.0016689501688662602, ""conv_filters"": 32, ""dense_units"": 32, ""initial_lr"": 0.0003364063282359587}",COMPLETE
212,0.7952961921691895,2026-09-07 16:30:06.790296,2026-09-07 16:30:37.836266,0 days 00:00:31.045970,0.00428894989743596,16,32,0.00010925018909914087,169365,"{""alpha"": 0.00428894989743596, ""conv_filters"": 16, ""dense_units"": 32, ""initial_lr"": 0.00010925018909914087}",COMPLETE
213,0.7891985774040222,2026-09-07 16:30:37.836775,2026-09-07 16:32:03.386457,0 days 00:01:25.549682,0.002277403113144521,64,64,0.0003177357873283951,316613,"{""alpha"": 0.002277403113144521, ""conv_filters"": 64, ""dense_units"": 64, ""initial_lr"": 0.0003177357873283951}",COMPLETE
214,0.7909407615661621,2026-09-07 16:32:03.387199,2026-09-07 16:32:51.434869,0 days 00:00:48.047670,0.001854328279483115,32,64,0.00029826002661641546,158501,"{""alpha"": 0.001854328279483115, ""conv_filters"": 32, ""dense_units"": 64, ""initial_lr"": 0.00029826002661641546}",COMPLETE
215,0.7891985774040222,2026-09-07 16:32:51.435382,2026-09-07 16:33:39.188081,0 days 00:00:47.752699,0.0032777565843978285,32,64,0.00022632113932232712,158501,"{""alpha"": 0.0032777565843978285, ""conv_filters"": 32, ""dense_units"": 64, ""initial_lr"": 0.00022632113932232712}",COMPLETE
216,0.7935540080070496,2026-09-07 16:33:39.188652,2026-09-07 16:34:22.769990,0 days 00:00:43.581338,0.003588916515002567,32,32,0.0001803272286071954,338533,"{""alpha"": 0.003588916515002567, ""conv_filters"": 32, ""dense_units"": 32, ""initial_lr"": 0.0001803272286071954}",COMPLETE
217,0.5513937473297119,2026-09-07 16:34:22.770556,2026-09-07 16:35:03.857254,0 days 00:00:41.086698,0.0039039032359686147,32,16,0.0001229472937503012,169477,"{""alpha"": 0.0039039032359686147, ""conv_filters"": 32, ""dense_units"": 16, ""initial_lr"": 0.0001229472937503012}",COMPLETE
218,0.7752613425254822,2026-09-07 16:35:03.857772,2026-09-07 16:35:40.249458,0 days 00:00:36.391686,0.011578046391376419,24,32,0.00024241237170737962,253949,"{""alpha"": 0.011578046391376419, ""conv_filters"": 24, ""dense_units"": 32, ""initial_lr"": 0.00024241237170737962}",COMPLETE
219,0.796167254447937,2026-09-07 16:35:40.250219,2026-09-07 16:36:26.934204,0 days 00:00:46.683985,0.0025870327781801613,32,32,0.00022473614644365797,338533,"{""alpha"": 0.0025870327781801613, ""conv_filters"": 32, ""dense_units"": 32, ""initial_lr"": 0.00022473614644365797}",COMPLETE
220,0.803135871887207,2026-09-07 16:36:26.934706,2026-09-07 16:36:53.554308,0 days 00:00:26.619602,0.018070351200596246,16,32,0.00021999013691570323,169365,"{""alpha"": 0.018070351200596246, ""conv_filters"": 16, ""dense_units"": 32, ""initial_lr"": 0.00021999013691570323}",COMPLETE
221,0.8092334270477295,2026-09-07 16:36:53.556165,2026-09-07 16:37:40.173666,0 days 00:00:46.617501,0.003038103890358893,32,32,0.0002044469924591879,338533,"{""alpha"": 0.003038103890358893, ""conv_filters"": 32, ""dense_units"": 32, ""initial_lr"": 0.0002044469924591879}",COMPLETE
222,0.7987805008888245,2026-09-07 16:37:40.174212,2026-09-07 16:38:19.968223,0 days 00:00:39.794011,0.006040565018434255,24,32,0.0001421210896877465,253949,"{""alpha"": 0.006040565018434255, ""conv_filters"": 24, ""dense_units"": 32, ""initial_lr"": 0.0001421210896877465}",COMPLETE
223,0.7778745889663696,2026-09-07 16:38:19.968733,2026-09-07 16:38:51.769417,0 days 00:00:31.800684,0.009409968172752458,24,32,0.00020216964105897986,253949,"{""alpha"": 0.009409968172752458, ""conv_filters"": 24, ""dense_units"": 32, ""initial_lr"": 0.00020216964105897986}",COMPLETE
224,0.7987805008888245,2026-09-07 16:38:51.770001,2026-09-07 16:39:39.555159,0 days 00:00:47.785158,0.0022754403038812046,32,64,0.0003856765178044724,158501,"{""alpha"": 0.0022754403038812046, ""conv_filters"": 32, ""dense_units"": 64, ""initial_lr"": 0.0003856765178044724}",COMPLETE
225,0.7796167135238647,2026-09-07 16:39:39.555671,2026-09-07 16:40:20.691549,0 days 00:00:41.135878,0.0026141788971363023,24,32,0.00027790049100203794,253949,"{""alpha"": 0.0026141788971363023, ""conv_filters"": 24, ""dense_units"": 32, ""initial_lr"": 0.00027790049100203794}",COMPLETE
226,0.7247386574745178,2026-09-07 16:40:20.692062,2026-09-07 16:41:09.332404,0 days 00:00:48.640342,0.001839278916048916,32,32,0.0003994415800594305,338533,"{""alpha"": 0.001839278916048916, ""conv_filters"": 32, ""dense_units"": 32, ""initial_lr"": 0.0003994415800594305}",COMPLETE
227,0.8135888576507568,2026-09-07 16:41:09.334005,2026-09-07 16:41:40.558215,0 days 00:00:31.224210,0.016045054980670315,16,32,0.00029058063502218227,169365,"{""alpha"": 0.016045054980670315, ""conv_filters"": 16, ""dense_units"": 32, ""initial_lr"": 0.00029058063502218227}",COMPLETE
228,0.8057491183280945,2026-09-07 16:41:40.558747,2026-09-07 16:42:23.204953,0 days 00:00:42.646206,0.0028317088601825897,24,32,0.00019327441583364584,253949,"{""alpha"": 0.0028317088601825897, ""conv_filters"": 24, ""dense_units"": 32, ""initial_lr"": 0.00019327441583364584}",COMPLETE
229,0.7970383167266846,2026-09-07 16:42:23.205579,2026-09-07 16:42:45.216251,0 days 00:00:22.010672,0.02682777284127989,16,32,0.00024523340223859673,169365,"{""alpha"": 0.02682777284127989, ""conv_filters"": 16, ""dense_units"": 32, ""initial_lr"": 0.00024523340223859673}",COMPLETE
230,0.7900696992874146,2026-09-07 16:42:45.216816,2026-09-07 16:43:16.343931,0 days 00:00:31.127115,0.020410873834864972,16,32,0.00033742256817634103,169365,"{""alpha"": 0.020410873834864972, ""conv_filters"": 16, ""dense_units"": 32, ""initial_lr"": 0.00033742256817634103}",COMPLETE
231,0.8057491183280945,2026-09-07 16:43:16.344799,2026-09-07 16:43:57.805710,0 days 00:00:41.460911,0.0028287082651358287,24,32,0.00014793470566654523,253949,"{""alpha"": 0.0028287082651358287, ""conv_filters"": 24, ""dense_units"": 32, ""initial_lr"": 0.00014793470566654523}",COMPLETE
