number,value,datetime_start,datetime_complete,duration,params_alpha,params_conv_filters,params_dense_units,params_initial_lr,user_attrs_param_count,system_attrs_tpe:relative_params:0,state
0,0.7456446290016174,2026-09-07 14:25:38.093764,2026-09-07 14:26:44.334500,0 days 00:01:06.240736,0.03781546810733475,48,48,0.0007671862596862591,178325,,COMPLETE
1,0.46515679359436035,2026-09-07 14:26:44.335429,2026-09-07 14:26:59.929955,0 days 00:00:15.594526,0.01648142201996496,48,32,0.00115260907433503,507701,,COMPLETE
2,0.32752612233161926,2026-09-07 14:26:59.930489,2026-09-07 14:27:41.031711,0 days 00:00:41.101222,0.002014587369698269,24,8,0.0020264144240181607,63725,,COMPLETE
3,0.8092334270477295,2026-09-07 14:27:41.032408,2026-09-07 14:28:11.759973,0 days 00:00:30.727565,0.005316604814807217,16,32,0.00029848598976040734,169365,,COMPLETE
4,0.7787456512451172,2026-09-07 14:28:11.760495,2026-09-07 14:28:40.803606,0 days 00:00:29.043111,0.0026729827465361506,24,64,0.0028185506465349254,118973,,COMPLETE
5,0.792682945728302,2026-09-07 14:28:40.804128,2026-09-07 14:29:15.125349,0 days 00:00:34.321221,0.015455699805689033,32,48,0.0010925008458905203,118981,,COMPLETE
6,0.7813588976860046,2026-09-07 14:29:15.126114,2026-09-07 14:30:25.606561,0 days 00:01:10.480447,0.0797215763518428,48,16,0.0024812427712608857,254165,,COMPLETE
7,0.7787456512451172,2026-09-07 14:30:25.607089,2026-09-07 14:30:42.598686,0 days 00:00:16.991597,0.03879286448589861,16,64,0.0007824260869729454,79445,,COMPLETE
8,0.803135871887207,2026-09-07 14:30:42.599202,2026-09-07 14:31:24.510688,0 days 00:00:41.911486,0.0011296148935685012,32,32,0.00013607080767043733,338533,,COMPLETE
9,0.4695121943950653,2026-09-07 14:31:24.511216,2026-09-07 14:31:52.415040,0 days 00:00:27.903824,0.049401833972040725,48,16,0.00047040635842210095,254165,,COMPLETE
10,0.6620209217071533,2026-09-07 14:31:52.416500,2026-09-07 14:33:19.135885,0 days 00:01:26.719385,0.010029731914722605,64,32,0.00030117656524308834,676869,"{""alpha"": 0.010029731914722605, ""conv_filters"": 64, ""dense_units"": 32, ""initial_lr"": 0.00030117656524308834}",COMPLETE
11,0.75696861743927,2026-09-07 14:33:19.136451,2026-09-07 14:33:51.777549,0 days 00:00:32.641098,0.0030567668435737515,32,32,0.00015741893317108274,338533,"{""alpha"": 0.0030567668435737515, ""conv_filters"": 32, ""dense_units"": 32, ""initial_lr"": 0.00015741893317108274}",COMPLETE
12,0.7343205809593201,2026-09-07 14:33:51.778103,2026-09-07 14:34:21.762193,0 days 00:00:29.984090,0.0010495941710667114,16,32,0.000979156415503331,169365,"{""alpha"": 0.0010495941710667114, ""conv_filters"": 16, ""dense_units"": 32, ""initial_lr"": 0.000979156415503331}",COMPLETE
13,0.7804877758026123,2026-09-07 14:34:21.762701,2026-09-07 14:34:45.804231,0 days 00:00:24.041530,0.0030770915478376595,16,64,0.0002899928329868314,79445,"{""alpha"": 0.0030770915478376595, ""conv_filters"": 16, ""dense_units"": 64, ""initial_lr"": 0.0002899928329868314}",COMPLETE
14,0.8040069937705994,2026-09-07 14:34:45.804738,2026-09-07 14:35:34.233188,0 days 00:00:48.428450,0.009350383713430534,32,32,0.00013762391167763784,338533,"{""alpha"": 0.009350383713430534, ""conv_filters"": 32, ""dense_units"": 32, ""initial_lr"": 0.00013762391167763784}",COMPLETE
15,0.6837978959083557,2026-09-07 14:35:34.233951,2026-09-07 14:36:18.165821,0 days 00:00:43.931870,0.0082997642235623,32,16,0.00010429926194435806,169477,"{""alpha"": 0.0082997642235623, ""conv_filters"": 32, ""dense_units"": 16, ""initial_lr"": 0.00010429926194435806}",COMPLETE
16,0.7874564528465271,2026-09-07 14:36:18.166419,2026-09-07 14:36:48.742819,0 days 00:00:30.576400,0.030999374192658417,16,32,0.00013462909873582593,169365,"{""alpha"": 0.030999374192658417, ""conv_filters"": 16, ""dense_units"": 32, ""initial_lr"": 0.00013462909873582593}",COMPLETE
17,0.75,2026-09-07 14:36:48.743330,2026-09-07 14:37:36.741218,0 days 00:00:47.997888,0.049263448119571576,32,32,0.0002145306894744355,338533,"{""alpha"": 0.049263448119571576, ""conv_filters"": 32, ""dense_units"": 32, ""initial_lr"": 0.0002145306894744355}",COMPLETE
18,0.608013927936554,2026-09-07 14:37:36.741798,2026-09-07 14:37:53.657081,0 days 00:00:16.915283,0.010856811690733891,32,8,0.0002460256039278331,84949,"{""alpha"": 0.010856811690733891, ""conv_filters"": 32, ""dense_units"": 8, ""initial_lr"": 0.0002460256039278331}",COMPLETE
19,0.6777003407478333,2026-09-07 14:37:53.657578,2026-09-07 14:38:07.882346,0 days 00:00:14.224768,0.002657023615889631,16,8,0.0005332846877485009,42501,"{""alpha"": 0.002657023615889631, ""conv_filters"": 16, ""dense_units"": 8, ""initial_lr"": 0.0005332846877485009}",COMPLETE
20,0.7952961921691895,2026-09-07 14:38:07.882910,2026-09-07 14:38:37.965635,0 days 00:00:30.082725,0.004293704594770218,16,32,0.0003902611749033193,169365,"{""alpha"": 0.004293704594770218, ""conv_filters"": 16, ""dense_units"": 32, ""initial_lr"": 0.0003902611749033193}",COMPLETE
21,0.7918118238449097,2026-09-07 14:38:37.966187,2026-09-07 14:39:25.873066,0 days 00:00:47.906879,0.0014379865383728865,32,32,0.00011751891670251905,338533,"{""alpha"": 0.0014379865383728865, ""conv_filters"": 32, ""dense_units"": 32, ""initial_lr"": 0.00011751891670251905}",COMPLETE
22,0.7412891983985901,2026-09-07 14:39:25.874515,2026-09-07 14:39:45.936073,0 days 00:00:20.061558,0.0017976756974765285,16,48,0.0001880011772317356,59637,"{""alpha"": 0.0017976756974765285, ""conv_filters"": 16, ""dense_units"": 48, ""initial_lr"": 0.0001880011772317356}",COMPLETE
23,0.7630661725997925,2026-09-07 14:39:45.936594,2026-09-07 14:40:21.794609,0 days 00:00:35.858015,0.005275159416420998,24,32,0.0001471185981700847,253949,"{""alpha"": 0.005275159416420998, ""conv_filters"": 24, ""dense_units"": 32, ""initial_lr"": 0.0001471185981700847}",COMPLETE
24,0.7935540080070496,2026-09-07 14:40:21.795194,2026-09-07 14:41:10.090393,0 days 00:00:48.295199,0.024748432422653933,32,32,0.0003016868556329139,338533,"{""alpha"": 0.024748432422653933, ""conv_filters"": 32, ""dense_units"": 32, ""initial_lr"": 0.0003016868556329139}",COMPLETE
25,0.40243902802467346,2026-09-07 14:41:10.090955,2026-09-07 14:41:25.236304,0 days 00:00:15.145349,0.001120677862367659,64,32,0.00024560799706235977,676869,"{""alpha"": 0.001120677862367659, ""conv_filters"": 64, ""dense_units"": 32, ""initial_lr"": 0.00024560799706235977}",COMPLETE
26,0.8083623647689819,2026-09-07 14:41:25.236822,2026-09-07 14:41:55.006450,0 days 00:00:29.769628,0.010253668621366107,16,32,0.00018534226958466523,169365,"{""alpha"": 0.010253668621366107, ""conv_filters"": 16, ""dense_units"": 32, ""initial_lr"": 0.00018534226958466523}",COMPLETE
27,0.7970383167266846,2026-09-07 14:41:55.006932,2026-09-07 14:42:25.008654,0 days 00:00:30.001722,0.010906294928248758,16,32,0.00010240760670086233,169365,"{""alpha"": 0.010906294928248758, ""conv_filters"": 16, ""dense_units"": 32, ""initial_lr"": 0.00010240760670086233}",COMPLETE
28,0.8005226254463196,2026-09-07 14:42:25.009369,2026-09-07 14:43:11.683094,0 days 00:00:46.673725,0.006153974113066189,32,64,0.00016771879173939054,158501,"{""alpha"": 0.006153974113066189, ""conv_filters"": 32, ""dense_units"": 64, ""initial_lr"": 0.00016771879173939054}",COMPLETE
29,0.8057491183280945,2026-09-07 14:43:11.683596,2026-09-07 14:43:35.090055,0 days 00:00:23.406459,0.010715463820034294,16,32,0.00019201027833753244,169365,"{""alpha"": 0.010715463820034294, ""conv_filters"": 16, ""dense_units"": 32, ""initial_lr"": 0.00019201027833753244}",COMPLETE
30,0.8101045489311218,2026-09-07 14:43:35.091632,2026-09-07 14:43:58.013010,0 days 00:00:22.921378,0.01238033906230581,16,32,0.00023738451932117134,169365,"{""alpha"": 0.01238033906230581, ""conv_filters"": 16, ""dense_units"": 32, ""initial_lr"": 0.00023738451932117134}",COMPLETE
31,0.7796167135238647,2026-09-07 14:43:58.013529,2026-09-07 14:44:18.830447,0 days 00:00:20.816918,0.012227255041301042,16,32,0.00020505872086840754,169365,"{""alpha"": 0.012227255041301042, ""conv_filters"": 16, ""dense_units"": 32, ""initial_lr"": 0.00020505872086840754}",COMPLETE
32,0.6010453104972839,2026-09-07 14:44:18.830945,2026-09-07 14:44:48.548640,0 days 00:00:29.717695,0.0029133742171355737,16,8,0.00011132371827397009,42501,"{""alpha"": 0.0029133742171355737, ""conv_filters"": 16, ""dense_units"": 8, ""initial_lr"": 0.00011132371827397009}",COMPLETE
33,0.7935540080070496,2026-09-07 14:44:48.549148,2026-09-07 14:45:18.369033,0 days 00:00:29.819885,0.022915630942023466,16,32,0.00027994685963468396,169365,"{""alpha"": 0.022915630942023466, ""conv_filters"": 16, ""dense_units"": 32, ""initial_lr"": 0.00027994685963468396}",COMPLETE
34,0.6376306414604187,2026-09-07 14:45:18.369536,2026-09-07 14:45:39.094324,0 days 00:00:20.724788,0.00817019743590503,16,8,0.00014545110978646396,42501,"{""alpha"": 0.00817019743590503, ""conv_filters"": 16, ""dense_units"": 8, ""initial_lr"": 0.00014545110978646396}",COMPLETE
35,0.7508710622787476,2026-09-07 14:45:39.094805,2026-09-07 14:46:08.607268,0 days 00:00:29.512463,0.007145095277153165,16,16,0.00023595836458389994,84789,"{""alpha"": 0.007145095277153165, ""conv_filters"": 16, ""dense_units"": 16, ""initial_lr"": 0.00023595836458389994}",COMPLETE
36,0.8170731663703918,2026-09-07 14:46:08.607776,2026-09-07 14:46:38.374446,0 days 00:00:29.766670,0.004681756057509029,16,32,0.00011909661158461304,169365,"{""alpha"": 0.004681756057509029, ""conv_filters"": 16, ""dense_units"": 32, ""initial_lr"": 0.00011909661158461304}",COMPLETE
37,0.7526132464408875,2026-09-07 14:46:38.374994,2026-09-07 14:47:05.561688,0 days 00:00:27.186694,0.017412632029258225,16,48,0.00013148611266008967,59637,"{""alpha"": 0.017412632029258225, ""conv_filters"": 16, ""dense_units"": 48, ""initial_lr"": 0.00013148611266008967}",COMPLETE
38,0.546167254447937,2026-09-07 14:47:05.562213,2026-09-07 14:47:20.240743,0 days 00:00:14.678530,0.023621372540324117,16,8,0.00018221222161616616,42501,"{""alpha"": 0.023621372540324117, ""conv_filters"": 16, ""dense_units"": 8, ""initial_lr"": 0.00018221222161616616}",COMPLETE
39,0.8127177953720093,2026-09-07 14:47:20.241249,2026-09-07 14:48:08.053065,0 days 00:00:47.811816,0.004329300486179808,32,32,0.00010189627695763826,338533,"{""alpha"": 0.004329300486179808, ""conv_filters"": 32, ""dense_units"": 32, ""initial_lr"": 0.00010189627695763826}",COMPLETE
40,0.7874564528465271,2026-09-07 14:48:08.053589,2026-09-07 14:48:30.485903,0 days 00:00:22.432314,0.005396350614465738,16,32,0.00017317630843357917,169365,"{""alpha"": 0.005396350614465738, ""conv_filters"": 16, ""dense_units"": 32, ""initial_lr"": 0.00017317630843357917}",COMPLETE
41,0.7709059119224548,2026-09-07 14:48:30.486425,2026-09-07 14:49:11.899315,0 days 00:00:41.412890,0.004447866867048306,32,32,0.00010760427944801729,338533,"{""alpha"": 0.004447866867048306, ""conv_filters"": 32, ""dense_units"": 32, ""initial_lr"": 0.00010760427944801729}",COMPLETE
42,0.7709059119224548,2026-09-07 14:49:11.900118,2026-09-07 14:50:38.600097,0 days 00:01:26.699979,0.015558210567280226,64,32,0.00013745537204185187,676869,"{""alpha"": 0.015558210567280226, ""conv_filters"": 64, ""dense_units"": 32, ""initial_lr"": 0.00013745537204185187}",COMPLETE
43,0.7865853905677795,2026-09-07 14:50:38.600803,2026-09-07 14:51:19.060889,0 days 00:00:40.460086,0.002671160347394216,24,32,0.00010183615116843842,253949,"{""alpha"": 0.002671160347394216, ""conv_filters"": 24, ""dense_units"": 32, ""initial_lr"": 0.00010183615116843842}",COMPLETE
44,0.8118466734886169,2026-09-07 14:51:19.061389,2026-09-07 14:51:48.938928,0 days 00:00:29.877539,0.002699467905018886,24,32,0.00022719508547245786,253949,"{""alpha"": 0.002699467905018886, ""conv_filters"": 24, ""dense_units"": 32, ""initial_lr"": 0.00022719508547245786}",COMPLETE
45,0.7648083567619324,2026-09-07 14:51:48.939466,2026-09-07 14:52:28.704877,0 days 00:00:39.765411,0.0034783324159813793,24,32,0.00019242388488543698,253949,"{""alpha"": 0.0034783324159813793, ""conv_filters"": 24, ""dense_units"": 32, ""initial_lr"": 0.00019242388488543698}",COMPLETE
46,0.7787456512451172,2026-09-07 14:52:28.705407,2026-09-07 14:52:46.973110,0 days 00:00:18.267703,0.012220512191096577,16,32,0.00044235804306239285,169365,"{""alpha"": 0.012220512191096577, ""conv_filters"": 16, ""dense_units"": 32, ""initial_lr"": 0.00044235804306239285}",COMPLETE
47,0.8048780560493469,2026-09-07 14:52:46.973611,2026-09-07 14:53:56.676711,0 days 00:01:09.703100,0.002362464494701368,48,32,0.0001406972376175994,507701,"{""alpha"": 0.002362464494701368, ""conv_filters"": 48, ""dense_units"": 32, ""initial_lr"": 0.0001406972376175994}",COMPLETE
48,0.796167254447937,2026-09-07 14:53:56.677213,2026-09-07 14:54:44.303699,0 days 00:00:47.626486,0.005318780019240436,32,32,0.00024953145752109294,338533,"{""alpha"": 0.005318780019240436, ""conv_filters"": 32, ""dense_units"": 32, ""initial_lr"": 0.00024953145752109294}",COMPLETE
49,0.8022648096084595,2026-09-07 14:54:44.304235,2026-09-07 14:55:13.203641,0 days 00:00:28.899406,0.020720526378548532,16,32,0.000579117533927182,169365,"{""alpha"": 0.020720526378548532, ""conv_filters"": 16, ""dense_units"": 32, ""initial_lr"": 0.000579117533927182}",COMPLETE
50,0.8092334270477295,2026-09-07 14:55:13.204176,2026-09-07 14:55:42.814914,0 days 00:00:29.610738,0.0076033059378464865,16,32,0.0002968471905471981,169365,"{""alpha"": 0.0076033059378464865, ""conv_filters"": 16, ""dense_units"": 32, ""initial_lr"": 0.0002968471905471981}",COMPLETE
51,0.7909407615661621,2026-09-07 14:55:42.815407,2026-09-07 14:56:21.677986,0 days 00:00:38.862579,0.0025040823257751095,24,32,0.0003839774937961454,253949,"{""alpha"": 0.0025040823257751095, ""conv_filters"": 24, ""dense_units"": 32, ""initial_lr"": 0.0003839774937961454}",COMPLETE
52,0.815330982208252,2026-09-07 14:56:21.678520,2026-09-07 14:56:44.081969,0 days 00:00:22.403449,0.005008687856253225,16,32,0.0006428337554390236,169365,"{""alpha"": 0.005008687856253225, ""conv_filters"": 16, ""dense_units"": 32, ""initial_lr"": 0.0006428337554390236}",COMPLETE
53,0.7421602606773376,2026-09-07 14:56:44.082489,2026-09-07 14:57:05.366617,0 days 00:00:21.284128,0.004699314711225413,16,32,0.0007266625948681047,169365,"{""alpha"": 0.004699314711225413, ""conv_filters"": 16, ""dense_units"": 32, ""initial_lr"": 0.0007266625948681047}",COMPLETE
54,0.7935540080070496,2026-09-07 14:57:05.368103,2026-09-07 14:57:33.961640,0 days 00:00:28.593537,0.006023260363572694,16,32,0.00010310981594675098,169365,"{""alpha"": 0.006023260363572694, ""conv_filters"": 16, ""dense_units"": 32, ""initial_lr"": 0.00010310981594675098}",COMPLETE
55,0.806620180606842,2026-09-07 14:57:33.962201,2026-09-07 14:58:03.831671,0 days 00:00:29.869470,0.0036748049947615945,16,32,0.000125698193847377,169365,"{""alpha"": 0.0036748049947615945, ""conv_filters"": 16, ""dense_units"": 32, ""initial_lr"": 0.000125698193847377}",COMPLETE
56,0.7334494590759277,2026-09-07 14:58:03.832221,2026-09-07 14:58:22.770438,0 days 00:00:18.938217,0.0033991195325483317,16,32,0.0012110990513130092,169365,"{""alpha"": 0.0033991195325483317, ""conv_filters"": 16, ""dense_units"": 32, ""initial_lr"": 0.0012110990513130092}",COMPLETE
57,0.7656794190406799,2026-09-07 14:58:22.771127,2026-09-07 14:58:40.769798,0 days 00:00:17.998671,0.007965751843794727,16,32,0.0006742737579900942,169365,"{""alpha"": 0.007965751843794727, ""conv_filters"": 16, ""dense_units"": 32, ""initial_lr"": 0.0006742737579900942}",COMPLETE
58,0.8083623647689819,2026-09-07 14:58:40.770301,2026-09-07 14:59:25.610996,0 days 00:00:44.840695,0.0019211261630695657,32,32,0.00022321191026415267,338533,"{""alpha"": 0.0019211261630695657, ""conv_filters"": 32, ""dense_units"": 32, ""initial_lr"": 0.00022321191026415267}",COMPLETE
59,0.7595818638801575,2026-09-07 14:59:25.611565,2026-09-07 14:59:47.640786,0 days 00:00:22.029221,0.005602020914017954,16,32,0.0011482839517590496,169365,"{""alpha"": 0.005602020914017954, ""conv_filters"": 16, ""dense_units"": 32, ""initial_lr"": 0.0011482839517590496}",COMPLETE
60,0.5191637873649597,2026-09-07 14:59:47.641339,2026-09-07 15:00:20.609432,0 days 00:00:32.968093,0.001364276381795624,24,32,0.0005958943257500188,253949,"{""alpha"": 0.001364276381795624, ""conv_filters"": 24, ""dense_units"": 32, ""initial_lr"": 0.0005958943257500188}",COMPLETE
61,0.7813588976860046,2026-09-07 15:00:20.609966,2026-09-07 15:00:50.434483,0 days 00:00:29.824517,0.0071068195734135505,16,32,0.0003295976985586148,169365,"{""alpha"": 0.0071068195734135505, ""conv_filters"": 16, ""dense_units"": 32, ""initial_lr"": 0.0003295976985586148}",COMPLETE
62,0.8005226254463196,2026-09-07 15:00:50.435003,2026-09-07 15:01:19.956140,0 days 00:00:29.521137,0.005360522919011391,16,64,0.0005550365879493567,79445,"{""alpha"": 0.005360522919011391, ""conv_filters"": 16, ""dense_units"": 64, ""initial_lr"": 0.0005550365879493567}",COMPLETE
63,0.7770034670829773,2026-09-07 15:01:19.956660,2026-09-07 15:01:54.062998,0 days 00:00:34.106338,0.0014758540652684074,24,32,0.00031914976139890775,253949,"{""alpha"": 0.0014758540652684074, ""conv_filters"": 24, ""dense_units"": 32, ""initial_lr"": 0.00031914976139890775}",COMPLETE
64,0.8013937473297119,2026-09-07 15:01:54.063600,2026-09-07 15:02:24.014580,0 days 00:00:29.950980,0.0044725310154739035,16,32,0.00023609188405551183,169365,"{""alpha"": 0.0044725310154739035, ""conv_filters"": 16, ""dense_units"": 32, ""initial_lr"": 0.00023609188405551183}",COMPLETE
65,0.7604529857635498,2026-09-07 15:02:24.015127,2026-09-07 15:02:40.634883,0 days 00:00:16.619756,0.011634213979638933,16,32,0.001082559300641318,169365,"{""alpha"": 0.011634213979638933, ""conv_filters"": 16, ""dense_units"": 32, ""initial_lr"": 0.001082559300641318}",COMPLETE
66,0.7891985774040222,2026-09-07 15:02:40.635372,2026-09-07 15:02:58.716209,0 days 00:00:18.080837,0.017904714502934693,16,32,0.00016225407130592527,169365,"{""alpha"": 0.017904714502934693, ""conv_filters"": 16, ""dense_units"": 32, ""initial_lr"": 0.00016225407130592527}",COMPLETE
67,0.803135871887207,2026-09-07 15:02:58.716724,2026-09-07 15:03:38.199715,0 days 00:00:39.482991,0.0036932089789747744,24,32,0.00026774046308419673,253949,"{""alpha"": 0.0036932089789747744, ""conv_filters"": 24, ""dense_units"": 32, ""initial_lr"": 0.00026774046308419673}",COMPLETE
68,0.8048780560493469,2026-09-07 15:03:38.200556,2026-09-07 15:04:08.103775,0 days 00:00:29.903219,0.0027535205579046714,16,32,0.00020358198934852264,169365,"{""alpha"": 0.0027535205579046714, ""conv_filters"": 16, ""dense_units"": 32, ""initial_lr"": 0.00020358198934852264}",COMPLETE
69,0.7770034670829773,2026-09-07 15:04:08.104436,2026-09-07 15:04:37.881082,0 days 00:00:29.776646,0.010249723453228261,16,48,0.0003406795347952802,59637,"{""alpha"": 0.010249723453228261, ""conv_filters"": 16, ""dense_units"": 48, ""initial_lr"": 0.0003406795347952802}",COMPLETE
70,0.8048780560493469,2026-09-07 15:04:37.881603,2026-09-07 15:05:07.688153,0 days 00:00:29.806550,0.017422931847550432,16,32,0.00035487128580082385,169365,"{""alpha"": 0.017422931847550432, ""conv_filters"": 16, ""dense_units"": 32, ""initial_lr"": 0.00035487128580082385}",COMPLETE
71,0.792682945728302,2026-09-07 15:05:07.688678,2026-09-07 15:05:37.196885,0 days 00:00:29.508207,0.011246988382862502,16,64,0.0001360002901688329,79445,"{""alpha"": 0.011246988382862502, ""conv_filters"": 16, ""dense_units"": 64, ""initial_lr"": 0.0001360002901688329}",COMPLETE
72,0.7412891983985901,2026-09-07 15:05:37.197396,2026-09-07 15:06:06.119590,0 days 00:00:28.922194,0.010131400457909619,16,16,0.0002786909712306179,84789,"{""alpha"": 0.010131400457909619, ""conv_filters"": 16, ""dense_units"": 16, ""initial_lr"": 0.0002786909712306179}",COMPLETE
73,0.49564459919929504,2026-09-07 15:06:06.120099,2026-09-07 15:06:22.032559,0 days 00:00:15.912460,0.0031247302619378985,32,32,0.00011544812725078399,338533,"{""alpha"": 0.0031247302619378985, ""conv_filters"": 32, ""dense_units"": 32, ""initial_lr"": 0.00011544812725078399}",COMPLETE
74,0.7778745889663696,2026-09-07 15:06:22.033056,2026-09-07 15:07:13.149922,0 days 00:00:51.116866,0.008308072785123117,32,32,0.000255210287630385,338533,"{""alpha"": 0.008308072785123117, ""conv_filters"": 32, ""dense_units"": 32, ""initial_lr"": 0.000255210287630385}",COMPLETE
75,0.7656794190406799,2026-09-07 15:07:13.151984,2026-09-07 15:08:02.204418,0 days 00:00:49.052434,0.008520121203823701,32,32,0.00018625967118736703,338533,"{""alpha"": 0.008520121203823701, ""conv_filters"": 32, ""dense_units"": 32, ""initial_lr"": 0.00018625967118736703}",COMPLETE
76,0.6585366129875183,2026-09-07 15:08:02.204927,2026-09-07 15:08:32.680265,0 days 00:00:30.475338,0.005674628865358951,16,8,0.00014066983536604492,42501,"{""alpha"": 0.005674628865358951, ""conv_filters"": 16, ""dense_units"": 8, ""initial_lr"": 0.00014066983536604492}",COMPLETE
77,0.7874564528465271,2026-09-07 15:08:32.680829,2026-09-07 15:09:02.875698,0 days 00:00:30.194869,0.00407562123890565,16,32,0.00018112386107233693,169365,"{""alpha"": 0.00407562123890565, ""conv_filters"": 16, ""dense_units"": 32, ""initial_lr"": 0.00018112386107233693}",COMPLETE
78,0.815330982208252,2026-09-07 15:09:02.876204,2026-09-07 15:09:43.176035,0 days 00:00:40.299831,0.0021735069338706817,24,32,0.00018863393256766104,253949,"{""alpha"": 0.0021735069338706817, ""conv_filters"": 24, ""dense_units"": 32, ""initial_lr"": 0.00018863393256766104}",COMPLETE
79,0.8005226254463196,2026-09-07 15:09:43.176566,2026-09-07 15:11:09.848362,0 days 00:01:26.671796,0.0019934268851256294,64,32,0.00017062605021720382,676869,"{""alpha"": 0.0019934268851256294, ""conv_filters"": 64, ""dense_units"": 32, ""initial_lr"": 0.00017062605021720382}",COMPLETE
