number,value,datetime_start,datetime_complete,duration,params_alpha,params_conv_filters,params_dense_units,params_initial_lr,user_attrs_param_count,system_attrs_tpe:relative_params:0,state
232,0.8074913024902344,2026-09-07 16:43:57.806222,2026-09-07 16:44:23.626250,0 days 00:00:25.820028,0.01491526744680948,16,32,0.00028666892749938357,169365,"{""alpha"": 0.01491526744680948, ""conv_filters"": 16, ""dense_units"": 32, ""initial_lr"": 0.00028666892749938357}",COMPLETE
233,0.799651563167572,2026-09-07 16:44:23.626824,2026-09-07 16:44:54.724609,0 days 00:00:31.097785,0.0016009597603852304,16,32,0.00010303963404231901,169365,"{""alpha"": 0.0016009597603852304, ""conv_filters"": 16, ""dense_units"": 32, ""initial_lr"": 0.00010303963404231901}",COMPLETE
234,0.6959930062294006,2026-09-07 16:44:54.725140,2026-09-07 16:45:29.370968,0 days 00:00:34.645828,0.00672887007533578,32,32,0.00044638222920493774,338533,"{""alpha"": 0.00672887007533578, ""conv_filters"": 32, ""dense_units"": 32, ""initial_lr"": 0.00044638222920493774}",COMPLETE
235,0.8101045489311218,2026-09-07 16:45:29.371507,2026-09-07 16:46:18.309781,0 days 00:00:48.938274,0.003491185353018867,32,32,0.000153691656581895,338533,"{""alpha"": 0.003491185353018867, ""conv_filters"": 32, ""dense_units"": 32, ""initial_lr"": 0.000153691656581895}",COMPLETE
236,0.7874564528465271,2026-09-07 16:46:18.310361,2026-09-07 16:46:59.040039,0 days 00:00:40.729678,0.010323371290915616,24,32,0.00014486519431967392,253949,"{""alpha"": 0.010323371290915616, ""conv_filters"": 24, ""dense_units"": 32, ""initial_lr"": 0.00014486519431967392}",COMPLETE
237,0.7691637873649597,2026-09-07 16:46:59.040563,2026-09-07 16:47:40.409129,0 days 00:00:41.368566,0.003371337669412774,24,32,0.00016518298833190673,253949,"{""alpha"": 0.003371337669412774, ""conv_filters"": 24, ""dense_units"": 32, ""initial_lr"": 0.00016518298833190673}",COMPLETE
238,0.7891985774040222,2026-09-07 16:47:40.409627,2026-09-07 16:48:28.584370,0 days 00:00:48.174743,0.0016440526543859766,32,64,0.0003713366112845168,158501,"{""alpha"": 0.0016440526543859766, ""conv_filters"": 32, ""dense_units"": 64, ""initial_lr"": 0.0003713366112845168}",COMPLETE
239,0.7909407615661621,2026-09-07 16:48:28.584987,2026-09-07 16:49:17.711952,0 days 00:00:49.126965,0.002495667734001022,32,32,0.00017694765037269108,338533,"{""alpha"": 0.002495667734001022, ""conv_filters"": 32, ""dense_units"": 32, ""initial_lr"": 0.00017694765037269108}",COMPLETE
240,0.8162021040916443,2026-09-07 16:49:17.713998,2026-09-07 16:49:58.808085,0 days 00:00:41.094087,0.002005738939390423,24,32,0.00021453462645322564,253949,"{""alpha"": 0.002005738939390423, ""conv_filters"": 24, ""dense_units"": 32, ""initial_lr"": 0.00021453462645322564}",COMPLETE
241,0.7761324048042297,2026-09-07 16:49:58.808619,2026-09-07 16:50:40.237156,0 days 00:00:41.428537,0.0019207086864988757,24,32,0.00021628312394785047,253949,"{""alpha"": 0.0019207086864988757, ""conv_filters"": 24, ""dense_units"": 32, ""initial_lr"": 0.00021628312394785047}",COMPLETE
242,0.8118466734886169,2026-09-07 16:50:40.237698,2026-09-07 16:51:21.324153,0 days 00:00:41.086455,0.01203710772101448,24,32,0.00017170718858983995,253949,"{""alpha"": 0.01203710772101448, ""conv_filters"": 24, ""dense_units"": 32, ""initial_lr"": 0.00017170718858983995}",COMPLETE
243,0.7735191583633423,2026-09-07 16:51:21.324704,2026-09-07 16:51:46.009290,0 days 00:00:24.684586,0.010903247300468601,16,32,0.0003008339001359437,169365,"{""alpha"": 0.010903247300468601, ""conv_filters"": 16, ""dense_units"": 32, ""initial_lr"": 0.0003008339001359437}",COMPLETE
244,0.792682945728302,2026-09-07 16:51:46.009825,2026-09-07 16:52:27.439219,0 days 00:00:41.429394,0.00820589635708547,24,32,0.0001572868711601822,253949,"{""alpha"": 0.00820589635708547, ""conv_filters"": 24, ""dense_units"": 32, ""initial_lr"": 0.0001572868711601822}",COMPLETE
245,0.7848432064056396,2026-09-07 16:52:27.439797,2026-09-07 16:53:08.845706,0 days 00:00:41.405909,0.0019854682783519784,24,48,0.0001828099237701829,89309,"{""alpha"": 0.0019854682783519784, ""conv_filters"": 24, ""dense_units"": 48, ""initial_lr"": 0.0001828099237701829}",COMPLETE
246,0.588850200176239,2026-09-07 16:53:08.846249,2026-09-07 16:53:36.189719,0 days 00:00:27.343470,0.004943022285686557,24,8,0.00011672690243479401,63725,"{""alpha"": 0.004943022285686557, ""conv_filters"": 24, ""dense_units"": 8, ""initial_lr"": 0.00011672690243479401}",COMPLETE
247,0.6768292784690857,2026-09-07 16:53:36.190643,2026-09-07 16:54:17.590452,0 days 00:00:41.399809,0.01206612991763319,24,32,0.00019650846872484455,253949,"{""alpha"": 0.01206612991763319, ""conv_filters"": 24, ""dense_units"": 32, ""initial_lr"": 0.00019650846872484455}",COMPLETE
248,0.7979093790054321,2026-09-07 16:54:17.590952,2026-09-07 16:55:06.622072,0 days 00:00:49.031120,0.014879459992406696,32,32,0.00017808788036231165,338533,"{""alpha"": 0.014879459992406696, ""conv_filters"": 32, ""dense_units"": 32, ""initial_lr"": 0.00017808788036231165}",COMPLETE
249,0.815330982208252,2026-09-07 16:55:06.622654,2026-09-07 16:55:47.778608,0 days 00:00:41.155954,0.006585461502605804,24,32,0.0001591084271082504,253949,"{""alpha"": 0.006585461502605804, ""conv_filters"": 24, ""dense_units"": 32, ""initial_lr"": 0.0001591084271082504}",COMPLETE
250,0.8092334270477295,2026-09-07 16:55:47.779173,2026-09-07 16:56:29.176189,0 days 00:00:41.397016,0.012639461576079229,24,32,0.0001693895096452254,253949,"{""alpha"": 0.012639461576079229, ""conv_filters"": 24, ""dense_units"": 32, ""initial_lr"": 0.0001693895096452254}",COMPLETE
251,0.8109756112098694,2026-09-07 16:56:29.176760,2026-09-07 16:57:10.627265,0 days 00:00:41.450505,0.006994683330548718,24,32,0.00016831769225753647,253949,"{""alpha"": 0.006994683330548718, ""conv_filters"": 24, ""dense_units"": 32, ""initial_lr"": 0.00016831769225753647}",COMPLETE
252,0.7918118238449097,2026-09-07 16:57:10.627811,2026-09-07 16:57:48.496904,0 days 00:00:37.869093,0.002307274675885067,24,32,0.00022545665415840444,253949,"{""alpha"": 0.002307274675885067, ""conv_filters"": 24, ""dense_units"": 32, ""initial_lr"": 0.00022545665415840444}",COMPLETE
253,0.5662021040916443,2026-09-07 16:57:48.497456,2026-09-07 16:58:02.185967,0 days 00:00:13.688511,0.0029924045220661977,32,8,0.00017399870196944172,84949,"{""alpha"": 0.0029924045220661977, ""conv_filters"": 32, ""dense_units"": 8, ""initial_lr"": 0.00017399870196944172}",COMPLETE
254,0.792682945728302,2026-09-07 16:58:02.186472,2026-09-07 16:58:41.365505,0 days 00:00:39.179033,0.002071151420437075,16,64,0.00014215826575167954,79445,"{""alpha"": 0.002071151420437075, ""conv_filters"": 16, ""dense_units"": 64, ""initial_lr"": 0.00014215826575167954}",COMPLETE
255,0.7656794190406799,2026-09-07 16:58:41.367137,2026-09-07 16:59:11.992812,0 days 00:00:30.625675,0.008075375133628585,24,8,0.00020265969511047628,63725,"{""alpha"": 0.008075375133628585, ""conv_filters"": 24, ""dense_units"": 8, ""initial_lr"": 0.00020265969511047628}",COMPLETE
256,0.7613240480422974,2026-09-07 16:59:11.993478,2026-09-07 16:59:58.095449,0 days 00:00:46.101971,0.00483077320217995,32,32,0.00012563250639173506,338533,"{""alpha"": 0.00483077320217995, ""conv_filters"": 32, ""dense_units"": 32, ""initial_lr"": 0.00012563250639173506}",COMPLETE
257,0.7900696992874146,2026-09-07 16:59:58.095958,2026-09-07 17:00:42.812893,0 days 00:00:44.716935,0.0025815630679063366,32,64,0.0004577790876086249,158501,"{""alpha"": 0.0025815630679063366, ""conv_filters"": 32, ""dense_units"": 64, ""initial_lr"": 0.0004577790876086249}",COMPLETE
258,0.803135871887207,2026-09-07 17:00:42.813411,2026-09-07 17:01:24.329082,0 days 00:00:41.515671,0.008844958086177298,24,32,0.0001158468178770508,253949,"{""alpha"": 0.008844958086177298, ""conv_filters"": 24, ""dense_units"": 32, ""initial_lr"": 0.0001158468178770508}",COMPLETE
259,0.799651563167572,2026-09-07 17:01:24.329667,2026-09-07 17:01:55.599380,0 days 00:00:31.269713,0.004016024765256396,16,32,0.0006787170410652437,169365,"{""alpha"": 0.004016024765256396, ""conv_filters"": 16, ""dense_units"": 32, ""initial_lr"": 0.0006787170410652437}",COMPLETE
260,0.8005226254463196,2026-09-07 17:01:55.599916,2026-09-07 17:02:21.452392,0 days 00:00:25.852476,0.018877116368500858,16,32,0.00029717355503089865,169365,"{""alpha"": 0.018877116368500858, ""conv_filters"": 16, ""dense_units"": 32, ""initial_lr"": 0.00029717355503089865}",COMPLETE
261,0.7822299599647522,2026-09-07 17:02:21.452933,2026-09-07 17:03:10.370412,0 days 00:00:48.917479,0.0023846173994254488,32,32,0.0002944668951487096,338533,"{""alpha"": 0.0023846173994254488, ""conv_filters"": 32, ""dense_units"": 32, ""initial_lr"": 0.0002944668951487096}",COMPLETE
262,0.8005226254463196,2026-09-07 17:03:10.371056,2026-09-07 17:03:51.287995,0 days 00:00:40.916939,0.013970047180736666,24,32,0.0001294449513542687,253949,"{""alpha"": 0.013970047180736666, ""conv_filters"": 24, ""dense_units"": 32, ""initial_lr"": 0.0001294449513542687}",COMPLETE
263,0.5060975551605225,2026-09-07 17:03:51.288534,2026-09-07 17:04:07.431701,0 days 00:00:16.143167,0.004673096709593526,24,8,0.00014900445746372857,63725,"{""alpha"": 0.004673096709593526, ""conv_filters"": 24, ""dense_units"": 8, ""initial_lr"": 0.00014900445746372857}",COMPLETE
264,0.7770034670829773,2026-09-07 17:04:07.432253,2026-09-07 17:04:38.877848,0 days 00:00:31.445595,0.0017216749328260238,16,48,0.00012082637290476902,59637,"{""alpha"": 0.0017216749328260238, ""conv_filters"": 16, ""dense_units"": 48, ""initial_lr"": 0.00012082637290476902}",COMPLETE
265,0.7831010222434998,2026-09-07 17:04:38.878369,2026-09-07 17:05:27.709127,0 days 00:00:48.830758,0.004861457129937457,32,32,0.00015759807480576798,338533,"{""alpha"": 0.004861457129937457, ""conv_filters"": 32, ""dense_units"": 32, ""initial_lr"": 0.00015759807480576798}",COMPLETE
266,0.7918118238449097,2026-09-07 17:05:27.710070,2026-09-07 17:06:08.947145,0 days 00:00:41.237075,0.0036535022990372536,24,32,0.00023050868221432137,253949,"{""alpha"": 0.0036535022990372536, ""conv_filters"": 24, ""dense_units"": 32, ""initial_lr"": 0.00023050868221432137}",COMPLETE
267,0.806620180606842,2026-09-07 17:06:08.947649,2026-09-07 17:06:50.472952,0 days 00:00:41.525303,0.004665244950611719,24,32,0.00011135525315563692,253949,"{""alpha"": 0.004665244950611719, ""conv_filters"": 24, ""dense_units"": 32, ""initial_lr"": 0.00011135525315563692}",COMPLETE
268,0.8040069937705994,2026-09-07 17:06:50.473659,2026-09-07 17:07:22.114772,0 days 00:00:31.641113,0.007983039799235217,16,32,0.00019705998525060576,169365,"{""alpha"": 0.007983039799235217, ""conv_filters"": 16, ""dense_units"": 32, ""initial_lr"": 0.00019705998525060576}",COMPLETE
269,0.8074913024902344,2026-09-07 17:07:22.115275,2026-09-07 17:08:10.376094,0 days 00:00:48.260819,0.002204450308789598,32,64,0.0003063967405535826,158501,"{""alpha"": 0.002204450308789598, ""conv_filters"": 32, ""dense_units"": 64, ""initial_lr"": 0.0003063967405535826}",COMPLETE
270,0.7717769742012024,2026-09-07 17:08:10.376621,2026-09-07 17:08:59.535580,0 days 00:00:49.158959,0.0015324534574690353,32,32,0.00027977845968553053,338533,"{""alpha"": 0.0015324534574690353, ""conv_filters"": 32, ""dense_units"": 32, ""initial_lr"": 0.00027977845968553053}",COMPLETE
271,0.8057491183280945,2026-09-07 17:08:59.536122,2026-09-07 17:09:37.169056,0 days 00:00:37.632934,0.009871908601019672,24,16,0.0001610331279891749,127133,"{""alpha"": 0.009871908601019672, ""conv_filters"": 24, ""dense_units"": 16, ""initial_lr"": 0.0001610331279891749}",COMPLETE
272,0.8022648096084595,2026-09-07 17:09:37.169568,2026-09-07 17:10:14.178772,0 days 00:00:37.009204,0.0032153458019931777,32,64,0.0003010227998746542,158501,"{""alpha"": 0.0032153458019931777, ""conv_filters"": 32, ""dense_units"": 64, ""initial_lr"": 0.0003010227998746542}",COMPLETE
273,0.7473867535591125,2026-09-07 17:10:14.180334,2026-09-07 17:10:45.610306,0 days 00:00:31.429972,0.007785192106999759,16,32,0.00048226393624149473,169365,"{""alpha"": 0.007785192106999759, ""conv_filters"": 16, ""dense_units"": 32, ""initial_lr"": 0.00048226393624149473}",COMPLETE
274,0.7290940880775452,2026-09-07 17:10:45.610853,2026-09-07 17:11:19.334211,0 days 00:00:33.723358,0.003176449093466954,24,32,0.00028509882072163157,253949,"{""alpha"": 0.003176449093466954, ""conv_filters"": 24, ""dense_units"": 32, ""initial_lr"": 0.00028509882072163157}",COMPLETE
275,0.7090592384338379,2026-09-07 17:11:19.334786,2026-09-07 17:12:47.466352,0 days 00:01:28.131566,0.006272608772632728,64,32,0.00015787121172012244,676869,"{""alpha"": 0.006272608772632728, ""conv_filters"": 64, ""dense_units"": 32, ""initial_lr"": 0.00015787121172012244}",COMPLETE
276,0.8083623647689819,2026-09-07 17:12:47.466979,2026-09-07 17:13:14.424720,0 days 00:00:26.957741,0.006050027447650617,16,32,0.000308788065987102,169365,"{""alpha"": 0.006050027447650617, ""conv_filters"": 16, ""dense_units"": 32, ""initial_lr"": 0.000308788065987102}",COMPLETE
277,0.8170731663703918,2026-09-07 17:13:14.425240,2026-09-07 17:13:55.736353,0 days 00:00:41.311113,0.016506652982006806,24,32,0.0001640516428810463,253949,"{""alpha"": 0.016506652982006806, ""conv_filters"": 24, ""dense_units"": 32, ""initial_lr"": 0.0001640516428810463}",COMPLETE
278,0.8109756112098694,2026-09-07 17:13:55.736885,2026-09-07 17:14:37.280990,0 days 00:00:41.544105,0.019087954756789465,24,32,0.0001571231132219544,253949,"{""alpha"": 0.019087954756789465, ""conv_filters"": 24, ""dense_units"": 32, ""initial_lr"": 0.0001571231132219544}",COMPLETE
279,0.796167254447937,2026-09-07 17:14:37.281516,2026-09-07 17:15:18.604035,0 days 00:00:41.322519,0.0017111799265253184,24,32,0.00019803932470114895,253949,"{""alpha"": 0.0017111799265253184, ""conv_filters"": 24, ""dense_units"": 32, ""initial_lr"": 0.00019803932470114895}",COMPLETE
280,0.8101045489311218,2026-09-07 17:15:18.604860,2026-09-07 17:15:50.233930,0 days 00:00:31.629070,0.016467960269999575,24,32,0.00019173749875828756,253949,"{""alpha"": 0.016467960269999575, ""conv_filters"": 24, ""dense_units"": 32, ""initial_lr"": 0.00019173749875828756}",COMPLETE
281,0.8074913024902344,2026-09-07 17:15:50.234451,2026-09-07 17:16:17.183687,0 days 00:00:26.949236,0.005221650067597491,16,32,0.00015161706138882604,169365,"{""alpha"": 0.005221650067597491, ""conv_filters"": 16, ""dense_units"": 32, ""initial_lr"": 0.00015161706138882604}",COMPLETE
282,0.7796167135238647,2026-09-07 17:16:17.184202,2026-09-07 17:16:48.655522,0 days 00:00:31.471320,0.029169093466122606,16,32,0.0003135826959467029,169365,"{""alpha"": 0.029169093466122606, ""conv_filters"": 16, ""dense_units"": 32, ""initial_lr"": 0.0003135826959467029}",COMPLETE
283,0.7831010222434998,2026-09-07 17:16:48.656031,2026-09-07 17:17:30.152903,0 days 00:00:41.496872,0.02721159157912802,24,32,0.00016397355527054524,253949,"{""alpha"": 0.02721159157912802, ""conv_filters"": 24, ""dense_units"": 32, ""initial_lr"": 0.00016397355527054524}",COMPLETE
284,0.8101045489311218,2026-09-07 17:17:30.153629,2026-09-07 17:18:11.503797,0 days 00:00:41.350168,0.01552633202621069,24,32,0.000152064032106393,253949,"{""alpha"": 0.01552633202621069, ""conv_filters"": 24, ""dense_units"": 32, ""initial_lr"": 0.000152064032106393}",COMPLETE
285,0.7822299599647522,2026-09-07 17:18:11.504324,2026-09-07 17:18:53.298522,0 days 00:00:41.794198,0.02304894708257941,24,32,0.00014742135741336974,253949,"{""alpha"": 0.02304894708257941, ""conv_filters"": 24, ""dense_units"": 32, ""initial_lr"": 0.00014742135741336974}",COMPLETE
286,0.8214285969734192,2026-09-07 17:18:53.300256,2026-09-07 17:19:34.648819,0 days 00:00:41.348563,0.005781605150246343,24,32,0.00010875000472375214,253949,"{""alpha"": 0.005781605150246343, ""conv_filters"": 24, ""dense_units"": 32, ""initial_lr"": 0.00010875000472375214}",COMPLETE
287,0.7944250702857971,2026-09-07 17:19:34.649320,2026-09-07 17:20:06.462869,0 days 00:00:31.813549,0.0014887209077219942,16,32,0.00014058072186253913,169365,"{""alpha"": 0.0014887209077219942, ""conv_filters"": 16, ""dense_units"": 32, ""initial_lr"": 0.00014058072186253913}",COMPLETE
288,0.7648083567619324,2026-09-07 17:20:06.463360,2026-09-07 17:20:55.193401,0 days 00:00:48.730041,0.0035993208102061617,32,64,0.00010114618195732923,158501,"{""alpha"": 0.0035993208102061617, ""conv_filters"": 32, ""dense_units"": 64, ""initial_lr"": 0.00010114618195732923}",COMPLETE
289,0.7952961921691895,2026-09-07 17:20:55.193937,2026-09-07 17:21:36.541529,0 days 00:00:41.347592,0.00324509473686422,24,32,0.00011740737331897846,253949,"{""alpha"": 0.00324509473686422, ""conv_filters"": 24, ""dense_units"": 32, ""initial_lr"": 0.00011740737331897846}",COMPLETE
290,0.7648083567619324,2026-09-07 17:21:36.542066,2026-09-07 17:22:26.028256,0 days 00:00:49.486190,0.0027935122920724562,32,16,0.0003122283329586486,169477,"{""alpha"": 0.0027935122920724562, ""conv_filters"": 32, ""dense_units"": 16, ""initial_lr"": 0.0003122283329586486}",COMPLETE
291,0.7848432064056396,2026-09-07 17:22:26.028903,2026-09-07 17:22:51.638941,0 days 00:00:25.610038,0.016586738046670272,16,32,0.0007542086468670726,169365,"{""alpha"": 0.016586738046670272, ""conv_filters"": 16, ""dense_units"": 32, ""initial_lr"": 0.0007542086468670726}",COMPLETE
292,0.7360627055168152,2026-09-07 17:22:51.639441,2026-09-07 17:23:40.955759,0 days 00:00:49.316318,0.0035703371664672903,32,32,0.00013036752584082585,338533,"{""alpha"": 0.0035703371664672903, ""conv_filters"": 32, ""dense_units"": 32, ""initial_lr"": 0.00013036752584082585}",COMPLETE
293,0.8048780560493469,2026-09-07 17:23:40.956642,2026-09-07 17:25:09.537188,0 days 00:01:28.580546,0.0016648827804287137,64,32,0.0002416328630052935,676869,"{""alpha"": 0.0016648827804287137, ""conv_filters"": 64, ""dense_units"": 32, ""initial_lr"": 0.0002416328630052935}",COMPLETE
294,0.7839721441268921,2026-09-07 17:25:09.537818,2026-09-07 17:25:51.155760,0 days 00:00:41.617942,0.00690132002656093,24,48,0.00011534668858263201,89309,"{""alpha"": 0.00690132002656093, ""conv_filters"": 24, ""dense_units"": 48, ""initial_lr"": 0.00011534668858263201}",COMPLETE
295,0.8057491183280945,2026-09-07 17:25:51.156275,2026-09-07 17:27:20.513094,0 days 00:01:29.356819,0.02253308708030579,64,32,0.0001753593260599064,676869,"{""alpha"": 0.02253308708030579, ""conv_filters"": 64, ""dense_units"": 32, ""initial_lr"": 0.0001753593260599064}",COMPLETE
296,0.6594076752662659,2026-09-07 17:27:20.515061,2026-09-07 17:27:57.798454,0 days 00:00:37.283393,0.0021550644895970855,32,32,0.0003492145094596373,338533,"{""alpha"": 0.0021550644895970855, ""conv_filters"": 32, ""dense_units"": 32, ""initial_lr"": 0.0003492145094596373}",COMPLETE
297,0.7918118238449097,2026-09-07 17:27:57.799004,2026-09-07 17:28:40.082463,0 days 00:00:42.283459,0.0018283114881136404,24,32,0.0001765718217133419,253949,"{""alpha"": 0.0018283114881136404, ""conv_filters"": 24, ""dense_units"": 32, ""initial_lr"": 0.0001765718217133419}",COMPLETE
298,0.8083623647689819,2026-09-07 17:28:40.083014,2026-09-07 17:29:21.931465,0 days 00:00:41.848451,0.007065663256915342,24,32,0.00012447224624642327,253949,"{""alpha"": 0.007065663256915342, ""conv_filters"": 24, ""dense_units"": 32, ""initial_lr"": 0.00012447224624642327}",COMPLETE
299,0.7944250702857971,2026-09-07 17:29:21.932009,2026-09-07 17:30:11.550290,0 days 00:00:49.618281,0.0029499500604844697,32,32,0.00017417722283617702,338533,"{""alpha"": 0.0029499500604844697, ""conv_filters"": 32, ""dense_units"": 32, ""initial_lr"": 0.00017417722283617702}",COMPLETE
300,0.8127177953720093,2026-09-07 17:30:11.550940,2026-09-07 17:31:00.148440,0 days 00:00:48.597500,0.002691551595491326,32,64,0.00026253115705788865,158501,"{""alpha"": 0.002691551595491326, ""conv_filters"": 32, ""dense_units"": 64, ""initial_lr"": 0.00026253115705788865}",COMPLETE
301,0.7560975551605225,2026-09-07 17:31:00.148959,2026-09-07 17:31:18.164205,0 days 00:00:18.015246,0.060678061921065785,16,32,0.00034759052614523057,169365,"{""alpha"": 0.060678061921065785, ""conv_filters"": 16, ""dense_units"": 32, ""initial_lr"": 0.00034759052614523057}",COMPLETE
302,0.7944250702857971,2026-09-07 17:31:18.164719,2026-09-07 17:32:06.788703,0 days 00:00:48.623984,0.00268734618586,32,64,0.00026209714040502846,158501,"{""alpha"": 0.00268734618586, ""conv_filters"": 32, ""dense_units"": 64, ""initial_lr"": 0.00026209714040502846}",COMPLETE
303,0.8162021040916443,2026-09-07 17:32:06.789226,2026-09-07 17:32:48.444139,0 days 00:00:41.654913,0.004597704135466337,24,32,0.0001377460228604428,253949,"{""alpha"": 0.004597704135466337, ""conv_filters"": 24, ""dense_units"": 32, ""initial_lr"": 0.0001377460228604428}",COMPLETE
304,0.7743902206420898,2026-09-07 17:32:48.445026,2026-09-07 17:33:29.955513,0 days 00:00:41.510487,0.0039801779724610445,24,64,0.00014087459405359284,118973,"{""alpha"": 0.0039801779724610445, ""conv_filters"": 24, ""dense_units"": 64, ""initial_lr"": 0.00014087459405359284}",COMPLETE
305,0.7874564528465271,2026-09-07 17:33:29.956042,2026-09-07 17:34:11.816115,0 days 00:00:41.860073,0.006252651696465907,24,32,0.00011676801074419108,253949,"{""alpha"": 0.006252651696465907, ""conv_filters"": 24, ""dense_units"": 32, ""initial_lr"": 0.00011676801074419108}",COMPLETE
306,0.8013937473297119,2026-09-07 17:34:11.816745,2026-09-07 17:34:53.717846,0 days 00:00:41.901101,0.004656566658536093,24,32,0.0001416204327899643,253949,"{""alpha"": 0.004656566658536093, ""conv_filters"": 24, ""dense_units"": 32, ""initial_lr"": 0.0001416204327899643}",COMPLETE
307,0.7517421841621399,2026-09-07 17:34:53.718362,2026-09-07 17:35:36.552903,0 days 00:00:42.834541,0.005198995253727451,32,16,0.00011521633223849282,169477,"{""alpha"": 0.005198995253727451, ""conv_filters"": 32, ""dense_units"": 16, ""initial_lr"": 0.00011521633223849282}",COMPLETE
